---------------------------------------------------------------
[ 2019-04-30T00:00:30+08:00 ] 127.0.0.1 GET /index/index/certificate.html
[ info ] www.yq.io/index/index/certificate.html [运行时间：0.107006s][吞吐率：9.35req/s] [内存消耗：1,871.23kb] [文件加载：86]
[ info ] [ LANG ] D:\phpStudy\WWW\yq\thinkphp\lang\zh-cn.php
[ info ] [ ROUTE ] array (
)
[ info ] [ HEADER ] array (
  'cache-control' => 'max-age=0',
  'upgrade-insecure-requests' => '1',
  'cookie' => 'PHPSESSID=i04s47ugm46onuqi5g55efqtl6',
  'connection' => 'close',
  'referer' => 'http://www.yq.io/',
  'accept-encoding' => 'gzip, deflate',
  'accept-language' => 'zh-CN,zh;q=0.8,zh-TW;q=0.7,zh-HK;q=0.5,en-US;q=0.3,en;q=0.2',
  'accept' => 'text/html,application/xhtml+xml,application/xml;q=0.9,*/*;q=0.8',
  'user-agent' => 'Mozilla/5.0 (Windows NT 6.1; Win64; x64; rv:63.0) Gecko/20100101 Firefox/63.0',
  'host' => 'www.yq.io',
)
[ info ] [ PARAM ] array (
  '/index/index/certificate_html' => '',
)
[ info ] [ CACHE ] INIT File
[ info ] [ DB ] INIT mysql
[ info ] [ VIEW ] D:\phpStudy\WWW\yq\application\index\view\index\certificate.html [ array (
  0 => 'cf',
  1 => 'ban',
  2 => 'bs',
  3 => 'list',
) ]
[ info ] [ LOG ] INIT File
[ sql ] [ DB ] CONNECT:[ UseTime:0.002000s ] mysql:host=127.0.0.1;port=3306;dbname=yq;charset=utf8
[ sql ] [ SQL ] SHOW COLUMNS FROM `banner` [ RunTime:0.015001s ]
[ sql ] [ SQL ] SELECT * FROM `banner` ORDER BY `sort` [ RunTime:0.002000s ]
[ sql ] [ SQL ] SHOW COLUMNS FROM `certificate` [ RunTime:0.012001s ]
[ sql ] [ SQL ] SELECT COUNT(*) AS tp_count FROM `certificate` LIMIT 1 [ RunTime:0.002000s ]
[ sql ] [ SQL ] SELECT * FROM `certificate` LIMIT 0,15 [ RunTime:0.000000s ]
---------------------------------------------------------------
[ 2019-04-30T00:00:31+08:00 ] 127.0.0.1 GET /favicon.ico
[ info ] www.yq.io/favicon.ico [运行时间：0.026001s][吞吐率：38.46req/s] [内存消耗：377.82kb] [文件加载：55]
[ info ] [ LANG ] D:\phpStudy\WWW\yq\thinkphp\lang\zh-cn.php
[ info ] [ ROUTE ] array (
)
[ info ] [ HEADER ] array (
  'cache-control' => 'max-age=0',
  'cookie' => 'PHPSESSID=i04s47ugm46onuqi5g55efqtl6',
  'connection' => 'close',
  'accept-encoding' => 'gzip, deflate',
  'accept-language' => 'zh-CN,zh;q=0.8,zh-TW;q=0.7,zh-HK;q=0.5,en-US;q=0.3,en;q=0.2',
  'accept' => 'text/html,application/xhtml+xml,application/xml;q=0.9,*/*;q=0.8',
  'user-agent' => 'Mozilla/5.0 (Windows NT 6.1; Win64; x64; rv:63.0) Gecko/20100101 Firefox/63.0',
  'host' => 'www.yq.io',
)
[ info ] [ PARAM ] array (
  '/favicon_ico' => '',
)
[ info ] [ LOG ] INIT File
---------------------------------------------------------------
[ 2019-04-30T00:01:22+08:00 ] 127.0.0.1 GET /index/index/certificate.html
[ info ] www.yq.io/index/index/certificate.html [运行时间：0.104006s][吞吐率：9.61req/s] [内存消耗：1,870.64kb] [文件加载：86]
[ info ] [ LANG ] D:\phpStudy\WWW\yq\thinkphp\lang\zh-cn.php
[ info ] [ ROUTE ] array (
)
[ info ] [ HEADER ] array (
  'cache-control' => 'max-age=0',
  'upgrade-insecure-requests' => '1',
  'cookie' => 'PHPSESSID=i04s47ugm46onuqi5g55efqtl6',
  'connection' => 'close',
  'referer' => 'http://www.yq.io/',
  'accept-encoding' => 'gzip, deflate',
  'accept-language' => 'zh-CN,zh;q=0.8,zh-TW;q=0.7,zh-HK;q=0.5,en-US;q=0.3,en;q=0.2',
  'accept' => 'text/html,application/xhtml+xml,application/xml;q=0.9,*/*;q=0.8',
  'user-agent' => 'Mozilla/5.0 (Windows NT 6.1; Win64; x64; rv:63.0) Gecko/20100101 Firefox/63.0',
  'host' => 'www.yq.io',
)
[ info ] [ PARAM ] array (
  '/index/index/certificate_html' => '',
)
[ info ] [ CACHE ] INIT File
[ info ] [ DB ] INIT mysql
[ info ] [ VIEW ] D:\phpStudy\WWW\yq\application\index\view\index\certificate.html [ array (
  0 => 'cf',
  1 => 'ban',
  2 => 'bs',
  3 => 'list',
) ]
[ info ] [ LOG ] INIT File
[ sql ] [ DB ] CONNECT:[ UseTime:0.019001s ] mysql:host=127.0.0.1;port=3306;dbname=yq;charset=utf8
[ sql ] [ SQL ] SHOW COLUMNS FROM `banner` [ RunTime:0.012001s ]
[ sql ] [ SQL ] SELECT * FROM `banner` ORDER BY `sort` [ RunTime:0.002000s ]
[ sql ] [ SQL ] SHOW COLUMNS FROM `certificate` [ RunTime:0.013001s ]
[ sql ] [ SQL ] SELECT COUNT(*) AS tp_count FROM `certificate` LIMIT 1 [ RunTime:0.001000s ]
[ sql ] [ SQL ] SELECT * FROM `certificate` LIMIT 0,15 [ RunTime:0.001000s ]
---------------------------------------------------------------
[ 2019-04-30T00:01:22+08:00 ] 127.0.0.1 GET /favicon.ico
[ info ] www.yq.io/favicon.ico [运行时间：0.018001s][吞吐率：55.55req/s] [内存消耗：377.82kb] [文件加载：55]
[ info ] [ LANG ] D:\phpStudy\WWW\yq\thinkphp\lang\zh-cn.php
[ info ] [ ROUTE ] array (
)
[ info ] [ HEADER ] array (
  'cache-control' => 'max-age=0',
  'cookie' => 'PHPSESSID=i04s47ugm46onuqi5g55efqtl6',
  'connection' => 'close',
  'accept-encoding' => 'gzip, deflate',
  'accept-language' => 'zh-CN,zh;q=0.8,zh-TW;q=0.7,zh-HK;q=0.5,en-US;q=0.3,en;q=0.2',
  'accept' => 'text/html,application/xhtml+xml,application/xml;q=0.9,*/*;q=0.8',
  'user-agent' => 'Mozilla/5.0 (Windows NT 6.1; Win64; x64; rv:63.0) Gecko/20100101 Firefox/63.0',
  'host' => 'www.yq.io',
)
[ info ] [ PARAM ] array (
  '/favicon_ico' => '',
)
[ info ] [ LOG ] INIT File
---------------------------------------------------------------
[ 2019-04-30T00:01:58+08:00 ] 127.0.0.1 GET /index/index/certificate.html
[ info ] www.yq.io/index/index/certificate.html [运行时间：0.086005s][吞吐率：11.63req/s] [内存消耗：1,869.97kb] [文件加载：86]
[ info ] [ LANG ] D:\phpStudy\WWW\yq\thinkphp\lang\zh-cn.php
[ info ] [ ROUTE ] array (
)
[ info ] [ HEADER ] array (
  'cache-control' => 'max-age=0',
  'upgrade-insecure-requests' => '1',
  'cookie' => 'PHPSESSID=i04s47ugm46onuqi5g55efqtl6',
  'connection' => 'close',
  'referer' => 'http://www.yq.io/',
  'accept-encoding' => 'gzip, deflate',
  'accept-language' => 'zh-CN,zh;q=0.8,zh-TW;q=0.7,zh-HK;q=0.5,en-US;q=0.3,en;q=0.2',
  'accept' => 'text/html,application/xhtml+xml,application/xml;q=0.9,*/*;q=0.8',
  'user-agent' => 'Mozilla/5.0 (Windows NT 6.1; Win64; x64; rv:63.0) Gecko/20100101 Firefox/63.0',
  'host' => 'www.yq.io',
)
[ info ] [ PARAM ] array (
  '/index/index/certificate_html' => '',
)
[ info ] [ CACHE ] INIT File
[ info ] [ DB ] INIT mysql
[ info ] [ VIEW ] D:\phpStudy\WWW\yq\application\index\view\index\certificate.html [ array (
  0 => 'cf',
  1 => 'ban',
  2 => 'bs',
  3 => 'list',
) ]
[ info ] [ LOG ] INIT File
[ sql ] [ DB ] CONNECT:[ UseTime:0.011001s ] mysql:host=127.0.0.1;port=3306;dbname=yq;charset=utf8
[ sql ] [ SQL ] SHOW COLUMNS FROM `banner` [ RunTime:0.010000s ]
[ sql ] [ SQL ] SELECT * FROM `banner` ORDER BY `sort` [ RunTime:0.004001s ]
[ sql ] [ SQL ] SHOW COLUMNS FROM `certificate` [ RunTime:0.010000s ]
[ sql ] [ SQL ] SELECT COUNT(*) AS tp_count FROM `certificate` LIMIT 1 [ RunTime:0.002000s ]
[ sql ] [ SQL ] SELECT * FROM `certificate` LIMIT 0,15 [ RunTime:0.002001s ]
---------------------------------------------------------------
[ 2019-04-30T00:01:58+08:00 ] 127.0.0.1 GET /favicon.ico
[ info ] www.yq.io/favicon.ico [运行时间：0.022001s][吞吐率：45.45req/s] [内存消耗：377.82kb] [文件加载：55]
[ info ] [ LANG ] D:\phpStudy\WWW\yq\thinkphp\lang\zh-cn.php
[ info ] [ ROUTE ] array (
)
[ info ] [ HEADER ] array (
  'cache-control' => 'max-age=0',
  'cookie' => 'PHPSESSID=i04s47ugm46onuqi5g55efqtl6',
  'connection' => 'close',
  'accept-encoding' => 'gzip, deflate',
  'accept-language' => 'zh-CN,zh;q=0.8,zh-TW;q=0.7,zh-HK;q=0.5,en-US;q=0.3,en;q=0.2',
  'accept' => 'text/html,application/xhtml+xml,application/xml;q=0.9,*/*;q=0.8',
  'user-agent' => 'Mozilla/5.0 (Windows NT 6.1; Win64; x64; rv:63.0) Gecko/20100101 Firefox/63.0',
  'host' => 'www.yq.io',
)
[ info ] [ PARAM ] array (
  '/favicon_ico' => '',
)
[ info ] [ LOG ] INIT File
---------------------------------------------------------------
[ 2019-04-30T00:02:02+08:00 ] 127.0.0.1 GET /index/index/certificate.html
[ info ] www.yq.io/index/index/certificate.html [运行时间：0.062004s][吞吐率：16.13req/s] [内存消耗：1,748.92kb] [文件加载：84]
[ info ] [ LANG ] D:\phpStudy\WWW\yq\thinkphp\lang\zh-cn.php
[ info ] [ ROUTE ] array (
)
[ info ] [ HEADER ] array (
  'cache-control' => 'no-cache',
  'pragma' => 'no-cache',
  'upgrade-insecure-requests' => '1',
  'cookie' => 'PHPSESSID=i04s47ugm46onuqi5g55efqtl6',
  'connection' => 'close',
  'referer' => 'http://www.yq.io/',
  'accept-encoding' => 'gzip, deflate',
  'accept-language' => 'zh-CN,zh;q=0.8,zh-TW;q=0.7,zh-HK;q=0.5,en-US;q=0.3,en;q=0.2',
  'accept' => 'text/html,application/xhtml+xml,application/xml;q=0.9,*/*;q=0.8',
  'user-agent' => 'Mozilla/5.0 (Windows NT 6.1; Win64; x64; rv:63.0) Gecko/20100101 Firefox/63.0',
  'host' => 'www.yq.io',
)
[ info ] [ PARAM ] array (
  '/index/index/certificate_html' => '',
)
[ info ] [ CACHE ] INIT File
[ info ] [ DB ] INIT mysql
[ info ] [ VIEW ] D:\phpStudy\WWW\yq\application\index\view\index\certificate.html [ array (
  0 => 'cf',
  1 => 'ban',
  2 => 'bs',
  3 => 'list',
) ]
[ info ] [ LOG ] INIT File
[ sql ] [ DB ] CONNECT:[ UseTime:0.001000s ] mysql:host=127.0.0.1;port=3306;dbname=yq;charset=utf8
[ sql ] [ SQL ] SHOW COLUMNS FROM `banner` [ RunTime:0.010001s ]
[ sql ] [ SQL ] SELECT * FROM `banner` ORDER BY `sort` [ RunTime:0.000000s ]
[ sql ] [ SQL ] SHOW COLUMNS FROM `certificate` [ RunTime:0.009001s ]
[ sql ] [ SQL ] SELECT COUNT(*) AS tp_count FROM `certificate` LIMIT 1 [ RunTime:0.001000s ]
[ sql ] [ SQL ] SELECT * FROM `certificate` LIMIT 0,15 [ RunTime:0.000000s ]
---------------------------------------------------------------
[ 2019-04-30T00:02:02+08:00 ] 127.0.0.1 GET /favicon.ico
[ info ] www.yq.io/favicon.ico [运行时间：0.023001s][吞吐率：43.48req/s] [内存消耗：378.09kb] [文件加载：55]
[ info ] [ LANG ] D:\phpStudy\WWW\yq\thinkphp\lang\zh-cn.php
[ info ] [ ROUTE ] array (
)
[ info ] [ HEADER ] array (
  'cache-control' => 'no-cache',
  'pragma' => 'no-cache',
  'cookie' => 'PHPSESSID=i04s47ugm46onuqi5g55efqtl6',
  'connection' => 'close',
  'accept-encoding' => 'gzip, deflate',
  'accept-language' => 'zh-CN,zh;q=0.8,zh-TW;q=0.7,zh-HK;q=0.5,en-US;q=0.3,en;q=0.2',
  'accept' => 'text/html,application/xhtml+xml,application/xml;q=0.9,*/*;q=0.8',
  'user-agent' => 'Mozilla/5.0 (Windows NT 6.1; Win64; x64; rv:63.0) Gecko/20100101 Firefox/63.0',
  'host' => 'www.yq.io',
)
[ info ] [ PARAM ] array (
  '/favicon_ico' => '',
)
[ info ] [ LOG ] INIT File
---------------------------------------------------------------
[ 2019-04-30T00:02:16+08:00 ] 127.0.0.1 GET /admin/certificate/certificate_add
[ info ] www.yq.io/admin/certificate/certificate_add [运行时间：0.106006s][吞吐率：9.43req/s] [内存消耗：1,850.04kb] [文件加载：89]
[ info ] [ LANG ] D:\phpStudy\WWW\yq\thinkphp\lang\zh-cn.php
[ info ] [ ROUTE ] array (
)
[ info ] [ HEADER ] array (
  'upgrade-insecure-requests' => '1',
  'cookie' => 'PHPSESSID=i04s47ugm46onuqi5g55efqtl6',
  'connection' => 'close',
  'referer' => 'http://www.yq.io/admin/certificate/certificate',
  'accept-encoding' => 'gzip, deflate',
  'accept-language' => 'zh-CN,zh;q=0.8,zh-TW;q=0.7,zh-HK;q=0.5,en-US;q=0.3,en;q=0.2',
  'accept' => 'text/html,application/xhtml+xml,application/xml;q=0.9,*/*;q=0.8',
  'user-agent' => 'Mozilla/5.0 (Windows NT 6.1; Win64; x64; rv:63.0) Gecko/20100101 Firefox/63.0',
  'host' => 'www.yq.io',
)
[ info ] [ PARAM ] array (
  '/admin/certificate/certificate_add' => '',
)
[ info ] [ SESSION ] INIT array (
  'id' => '',
  'var_session_id' => '',
  'prefix' => 'think',
  'type' => '',
  'auto_start' => true,
  'httponly' => true,
  'secure' => false,
)
[ info ] [ DB ] INIT mysql
[ info ] [ CACHE ] INIT File
[ info ] [ VIEW ] D:\phpStudy\WWW\yq\application\admin\view\certificate\certificate_add.html [ array (
  0 => 'manage',
  1 => 'menus',
) ]
[ info ] [ LOG ] INIT File
[ sql ] [ DB ] CONNECT:[ UseTime:0.011001s ] mysql:host=127.0.0.1;port=3306;dbname=yq;charset=utf8
[ sql ] [ SQL ] SHOW COLUMNS FROM `manage_user_group` [ RunTime:0.015000s ]
[ sql ] [ SQL ] SELECT `group_id` FROM `manage_user_group` WHERE  `user_id` = 1 [ RunTime:0.001001s ]
[ sql ] [ SQL ] SHOW COLUMNS FROM `manage_group` [ RunTime:0.012000s ]
[ sql ] [ SQL ] SELECT * FROM `manage_group` WHERE  `id` IN (1) [ RunTime:0.001000s ]
---------------------------------------------------------------
[ 2019-04-30T00:02:17+08:00 ] 127.0.0.1 GET /favicon.ico
[ info ] www.yq.io/favicon.ico [运行时间：0.034002s][吞吐率：29.41req/s] [内存消耗：377.51kb] [文件加载：55]
[ info ] [ LANG ] D:\phpStudy\WWW\yq\thinkphp\lang\zh-cn.php
[ info ] [ ROUTE ] array (
)
[ info ] [ HEADER ] array (
  'cookie' => 'PHPSESSID=i04s47ugm46onuqi5g55efqtl6',
  'connection' => 'close',
  'accept-encoding' => 'gzip, deflate',
  'accept-language' => 'zh-CN,zh;q=0.8,zh-TW;q=0.7,zh-HK;q=0.5,en-US;q=0.3,en;q=0.2',
  'accept' => 'text/html,application/xhtml+xml,application/xml;q=0.9,*/*;q=0.8',
  'user-agent' => 'Mozilla/5.0 (Windows NT 6.1; Win64; x64; rv:63.0) Gecko/20100101 Firefox/63.0',
  'host' => 'www.yq.io',
)
[ info ] [ PARAM ] array (
  '/favicon_ico' => '',
)
[ info ] [ LOG ] INIT File
---------------------------------------------------------------
[ 2019-04-30T00:02:25+08:00 ] 127.0.0.1 POST /admin/certificate/certificate_add
[ info ] www.yq.io/admin/certificate/certificate_add [运行时间：0.091005s][吞吐率：10.99req/s] [内存消耗：1,721.50kb] [文件加载：87]
[ info ] [ LANG ] D:\phpStudy\WWW\yq\thinkphp\lang\zh-cn.php
[ info ] [ ROUTE ] array (
)
[ info ] [ HEADER ] array (
  'upgrade-insecure-requests' => '1',
  'cookie' => 'PHPSESSID=i04s47ugm46onuqi5g55efqtl6',
  'connection' => 'close',
  'content-length' => '37951',
  'content-type' => 'multipart/form-data; boundary=---------------------------10983289486335',
  'referer' => 'http://www.yq.io/admin/certificate/certificate_add',
  'accept-encoding' => 'gzip, deflate',
  'accept-language' => 'zh-CN,zh;q=0.8,zh-TW;q=0.7,zh-HK;q=0.5,en-US;q=0.3,en;q=0.2',
  'accept' => 'text/html,application/xhtml+xml,application/xml;q=0.9,*/*;q=0.8',
  'user-agent' => 'Mozilla/5.0 (Windows NT 6.1; Win64; x64; rv:63.0) Gecko/20100101 Firefox/63.0',
  'host' => 'www.yq.io',
)
[ info ] [ PARAM ] array (
  '/admin/certificate/certificate_add' => '',
  'title' => 'fasfasfasf',
  'introduce' => 'asfasfafasfa sax',
)
[ info ] [ SESSION ] INIT array (
  'id' => '',
  'var_session_id' => '',
  'prefix' => 'think',
  'type' => '',
  'auto_start' => true,
  'httponly' => true,
  'secure' => false,
)
[ info ] [ DB ] INIT mysql
[ info ] [ VIEW ] D:\phpStudy\WWW\yq\thinkphp\tpl/dispatch_jump.tpl [ array (
  0 => 'code',
  1 => 'msg',
  2 => 'data',
  3 => 'url',
  4 => 'wait',
) ]
[ info ] [ LOG ] INIT File
[ sql ] [ DB ] CONNECT:[ UseTime:0.001000s ] mysql:host=127.0.0.1;port=3306;dbname=yq;charset=utf8
[ sql ] [ SQL ] SHOW COLUMNS FROM `manage_user_group` [ RunTime:0.012001s ]
[ sql ] [ SQL ] SELECT `group_id` FROM `manage_user_group` WHERE  `user_id` = 1 [ RunTime:0.001000s ]
[ sql ] [ SQL ] SHOW COLUMNS FROM `manage_group` [ RunTime:0.012001s ]
[ sql ] [ SQL ] SELECT * FROM `manage_group` WHERE  `id` IN (1) [ RunTime:0.001000s ]
[ sql ] [ SQL ] SHOW COLUMNS FROM `certificate` [ RunTime:0.013001s ]
[ sql ] [ SQL ] INSERT INTO `certificate` (`title` , `introduce` , `img`) VALUES ('fasfasfasf' , 'asfasfafasfa sax' , '/uploads/20190430\\e199df0bf15cbe77cfd38ad2f4c16cf6.png') [ RunTime:0.001000s ]
---------------------------------------------------------------
[ 2019-04-30T00:02:26+08:00 ] 127.0.0.1 GET /favicon.ico
[ info ] www.yq.io/favicon.ico [运行时间：0.018001s][吞吐率：55.55req/s] [内存消耗：377.51kb] [文件加载：55]
[ info ] [ LANG ] D:\phpStudy\WWW\yq\thinkphp\lang\zh-cn.php
[ info ] [ ROUTE ] array (
)
[ info ] [ HEADER ] array (
  'cookie' => 'PHPSESSID=i04s47ugm46onuqi5g55efqtl6',
  'connection' => 'close',
  'accept-encoding' => 'gzip, deflate',
  'accept-language' => 'zh-CN,zh;q=0.8,zh-TW;q=0.7,zh-HK;q=0.5,en-US;q=0.3,en;q=0.2',
  'accept' => 'text/html,application/xhtml+xml,application/xml;q=0.9,*/*;q=0.8',
  'user-agent' => 'Mozilla/5.0 (Windows NT 6.1; Win64; x64; rv:63.0) Gecko/20100101 Firefox/63.0',
  'host' => 'www.yq.io',
)
[ info ] [ PARAM ] array (
  '/favicon_ico' => '',
)
[ info ] [ LOG ] INIT File
---------------------------------------------------------------
[ 2019-04-30T00:02:27+08:00 ] 127.0.0.1 GET /admin/certificate/certificate.html
[ info ] www.yq.io/admin/certificate/certificate.html [运行时间：0.086005s][吞吐率：11.63req/s] [内存消耗：1,891.77kb] [文件加载：91]
[ info ] [ LANG ] D:\phpStudy\WWW\yq\thinkphp\lang\zh-cn.php
[ info ] [ ROUTE ] array (
)
[ info ] [ HEADER ] array (
  'upgrade-insecure-requests' => '1',
  'cookie' => 'PHPSESSID=i04s47ugm46onuqi5g55efqtl6',
  'connection' => 'close',
  'referer' => 'http://www.yq.io/admin/certificate/certificate_add',
  'accept-encoding' => 'gzip, deflate',
  'accept-language' => 'zh-CN,zh;q=0.8,zh-TW;q=0.7,zh-HK;q=0.5,en-US;q=0.3,en;q=0.2',
  'accept' => 'text/html,application/xhtml+xml,application/xml;q=0.9,*/*;q=0.8',
  'user-agent' => 'Mozilla/5.0 (Windows NT 6.1; Win64; x64; rv:63.0) Gecko/20100101 Firefox/63.0',
  'host' => 'www.yq.io',
)
[ info ] [ PARAM ] array (
  '/admin/certificate/certificate_html' => '',
)
[ info ] [ SESSION ] INIT array (
  'id' => '',
  'var_session_id' => '',
  'prefix' => 'think',
  'type' => '',
  'auto_start' => true,
  'httponly' => true,
  'secure' => false,
)
[ info ] [ DB ] INIT mysql
[ info ] [ CACHE ] INIT File
[ info ] [ VIEW ] D:\phpStudy\WWW\yq\application\admin\view\certificate\certificate.html [ array (
  0 => 'list',
  1 => 'manage',
  2 => 'menus',
) ]
[ info ] [ LOG ] INIT File
[ sql ] [ DB ] CONNECT:[ UseTime:0.001000s ] mysql:host=127.0.0.1;port=3306;dbname=yq;charset=utf8
[ sql ] [ SQL ] SHOW COLUMNS FROM `manage_user_group` [ RunTime:0.012001s ]
[ sql ] [ SQL ] SELECT `group_id` FROM `manage_user_group` WHERE  `user_id` = 1 [ RunTime:0.000000s ]
[ sql ] [ SQL ] SHOW COLUMNS FROM `manage_group` [ RunTime:0.010000s ]
[ sql ] [ SQL ] SELECT * FROM `manage_group` WHERE  `id` IN (1) [ RunTime:0.001000s ]
[ sql ] [ SQL ] SHOW COLUMNS FROM `certificate` [ RunTime:0.011000s ]
[ sql ] [ SQL ] SELECT COUNT(*) AS tp_count FROM `certificate` LIMIT 1 [ RunTime:0.001000s ]
[ sql ] [ SQL ] SELECT * FROM `certificate` LIMIT 0,15 [ RunTime:0.001000s ]
---------------------------------------------------------------
[ 2019-04-30T00:02:27+08:00 ] 127.0.0.1 GET /favicon.ico
[ info ] www.yq.io/favicon.ico [运行时间：0.019001s][吞吐率：52.63req/s] [内存消耗：377.51kb] [文件加载：55]
[ info ] [ LANG ] D:\phpStudy\WWW\yq\thinkphp\lang\zh-cn.php
[ info ] [ ROUTE ] array (
)
[ info ] [ HEADER ] array (
  'cookie' => 'PHPSESSID=i04s47ugm46onuqi5g55efqtl6',
  'connection' => 'close',
  'accept-encoding' => 'gzip, deflate',
  'accept-language' => 'zh-CN,zh;q=0.8,zh-TW;q=0.7,zh-HK;q=0.5,en-US;q=0.3,en;q=0.2',
  'accept' => 'text/html,application/xhtml+xml,application/xml;q=0.9,*/*;q=0.8',
  'user-agent' => 'Mozilla/5.0 (Windows NT 6.1; Win64; x64; rv:63.0) Gecko/20100101 Firefox/63.0',
  'host' => 'www.yq.io',
)
[ info ] [ PARAM ] array (
  '/favicon_ico' => '',
)
[ info ] [ LOG ] INIT File
---------------------------------------------------------------
[ 2019-04-30T00:02:28+08:00 ] 127.0.0.1 GET /admin/certificate/certificate_add
[ info ] www.yq.io/admin/certificate/certificate_add [运行时间：0.080004s][吞吐率：12.50req/s] [内存消耗：1,850.05kb] [文件加载：89]
[ info ] [ LANG ] D:\phpStudy\WWW\yq\thinkphp\lang\zh-cn.php
[ info ] [ ROUTE ] array (
)
[ info ] [ HEADER ] array (
  'upgrade-insecure-requests' => '1',
  'cookie' => 'PHPSESSID=i04s47ugm46onuqi5g55efqtl6',
  'connection' => 'close',
  'referer' => 'http://www.yq.io/admin/certificate/certificate.html',
  'accept-encoding' => 'gzip, deflate',
  'accept-language' => 'zh-CN,zh;q=0.8,zh-TW;q=0.7,zh-HK;q=0.5,en-US;q=0.3,en;q=0.2',
  'accept' => 'text/html,application/xhtml+xml,application/xml;q=0.9,*/*;q=0.8',
  'user-agent' => 'Mozilla/5.0 (Windows NT 6.1; Win64; x64; rv:63.0) Gecko/20100101 Firefox/63.0',
  'host' => 'www.yq.io',
)
[ info ] [ PARAM ] array (
  '/admin/certificate/certificate_add' => '',
)
[ info ] [ SESSION ] INIT array (
  'id' => '',
  'var_session_id' => '',
  'prefix' => 'think',
  'type' => '',
  'auto_start' => true,
  'httponly' => true,
  'secure' => false,
)
[ info ] [ DB ] INIT mysql
[ info ] [ CACHE ] INIT File
[ info ] [ VIEW ] D:\phpStudy\WWW\yq\application\admin\view\certificate\certificate_add.html [ array (
  0 => 'manage',
  1 => 'menus',
) ]
[ info ] [ LOG ] INIT File
[ sql ] [ DB ] CONNECT:[ UseTime:0.001000s ] mysql:host=127.0.0.1;port=3306;dbname=yq;charset=utf8
[ sql ] [ SQL ] SHOW COLUMNS FROM `manage_user_group` [ RunTime:0.013001s ]
[ sql ] [ SQL ] SELECT `group_id` FROM `manage_user_group` WHERE  `user_id` = 1 [ RunTime:0.001000s ]
[ sql ] [ SQL ] SHOW COLUMNS FROM `manage_group` [ RunTime:0.012001s ]
[ sql ] [ SQL ] SELECT * FROM `manage_group` WHERE  `id` IN (1) [ RunTime:0.001000s ]
---------------------------------------------------------------
[ 2019-04-30T00:02:28+08:00 ] 127.0.0.1 GET /favicon.ico
[ info ] www.yq.io/favicon.ico [运行时间：0.020002s][吞吐率：50.00req/s] [内存消耗：377.51kb] [文件加载：55]
[ info ] [ LANG ] D:\phpStudy\WWW\yq\thinkphp\lang\zh-cn.php
[ info ] [ ROUTE ] array (
)
[ info ] [ HEADER ] array (
  'cookie' => 'PHPSESSID=i04s47ugm46onuqi5g55efqtl6',
  'connection' => 'close',
  'accept-encoding' => 'gzip, deflate',
  'accept-language' => 'zh-CN,zh;q=0.8,zh-TW;q=0.7,zh-HK;q=0.5,en-US;q=0.3,en;q=0.2',
  'accept' => 'text/html,application/xhtml+xml,application/xml;q=0.9,*/*;q=0.8',
  'user-agent' => 'Mozilla/5.0 (Windows NT 6.1; Win64; x64; rv:63.0) Gecko/20100101 Firefox/63.0',
  'host' => 'www.yq.io',
)
[ info ] [ PARAM ] array (
  '/favicon_ico' => '',
)
[ info ] [ LOG ] INIT File
---------------------------------------------------------------
[ 2019-04-30T00:02:44+08:00 ] 127.0.0.1 POST /admin/certificate/certificate_add
[ info ] www.yq.io/admin/certificate/certificate_add [运行时间：0.115007s][吞吐率：8.70req/s] [内存消耗：1,722.11kb] [文件加载：87]
[ info ] [ LANG ] D:\phpStudy\WWW\yq\thinkphp\lang\zh-cn.php
[ info ] [ ROUTE ] array (
)
[ info ] [ HEADER ] array (
  'upgrade-insecure-requests' => '1',
  'cookie' => 'PHPSESSID=i04s47ugm46onuqi5g55efqtl6',
  'connection' => 'close',
  'content-length' => '8843',
  'content-type' => 'multipart/form-data; boundary=---------------------------2152526691410',
  'referer' => 'http://www.yq.io/admin/certificate/certificate_add',
  'accept-encoding' => 'gzip, deflate',
  'accept-language' => 'zh-CN,zh;q=0.8,zh-TW;q=0.7,zh-HK;q=0.5,en-US;q=0.3,en;q=0.2',
  'accept' => 'text/html,application/xhtml+xml,application/xml;q=0.9,*/*;q=0.8',
  'user-agent' => 'Mozilla/5.0 (Windows NT 6.1; Win64; x64; rv:63.0) Gecko/20100101 Firefox/63.0',
  'host' => 'www.yq.io',
)
[ info ] [ PARAM ] array (
  '/admin/certificate/certificate_add' => '',
  'title' => 'fadfadfa',
  'introduce' => 'afahgkjhnbdtryjtugmfhgdhd
jhfgdyjdgbfs',
)
[ info ] [ SESSION ] INIT array (
  'id' => '',
  'var_session_id' => '',
  'prefix' => 'think',
  'type' => '',
  'auto_start' => true,
  'httponly' => true,
  'secure' => false,
)
[ info ] [ DB ] INIT mysql
[ info ] [ VIEW ] D:\phpStudy\WWW\yq\thinkphp\tpl/dispatch_jump.tpl [ array (
  0 => 'code',
  1 => 'msg',
  2 => 'data',
  3 => 'url',
  4 => 'wait',
) ]
[ info ] [ LOG ] INIT File
[ sql ] [ DB ] CONNECT:[ UseTime:0.001000s ] mysql:host=127.0.0.1;port=3306;dbname=yq;charset=utf8
[ sql ] [ SQL ] SHOW COLUMNS FROM `manage_user_group` [ RunTime:0.012001s ]
[ sql ] [ SQL ] SELECT `group_id` FROM `manage_user_group` WHERE  `user_id` = 1 [ RunTime:0.001000s ]
[ sql ] [ SQL ] SHOW COLUMNS FROM `manage_group` [ RunTime:0.012001s ]
[ sql ] [ SQL ] SELECT * FROM `manage_group` WHERE  `id` IN (1) [ RunTime:0.003000s ]
[ sql ] [ SQL ] SHOW COLUMNS FROM `certificate` [ RunTime:0.015001s ]
[ sql ] [ SQL ] INSERT INTO `certificate` (`title` , `introduce` , `img`) VALUES ('fadfadfa' , 'afahgkjhnbdtryjtugmfhgdhd<br/>jhfgdyjdgbfs' , '/uploads/20190430\\4c6e2686a773e2df7d08328d40b02169.png') [ RunTime:0.001000s ]
---------------------------------------------------------------
[ 2019-04-30T00:02:44+08:00 ] 127.0.0.1 GET /favicon.ico
[ info ] www.yq.io/favicon.ico [运行时间：0.023001s][吞吐率：43.48req/s] [内存消耗：377.51kb] [文件加载：55]
[ info ] [ LANG ] D:\phpStudy\WWW\yq\thinkphp\lang\zh-cn.php
[ info ] [ ROUTE ] array (
)
[ info ] [ HEADER ] array (
  'cookie' => 'PHPSESSID=i04s47ugm46onuqi5g55efqtl6',
  'connection' => 'close',
  'accept-encoding' => 'gzip, deflate',
  'accept-language' => 'zh-CN,zh;q=0.8,zh-TW;q=0.7,zh-HK;q=0.5,en-US;q=0.3,en;q=0.2',
  'accept' => 'text/html,application/xhtml+xml,application/xml;q=0.9,*/*;q=0.8',
  'user-agent' => 'Mozilla/5.0 (Windows NT 6.1; Win64; x64; rv:63.0) Gecko/20100101 Firefox/63.0',
  'host' => 'www.yq.io',
)
[ info ] [ PARAM ] array (
  '/favicon_ico' => '',
)
[ info ] [ LOG ] INIT File
---------------------------------------------------------------
[ 2019-04-30T00:02:45+08:00 ] 127.0.0.1 GET /index/index/certificate.html
[ info ] www.yq.io/index/index/certificate.html [运行时间：0.085005s][吞吐率：11.76req/s] [内存消耗：1,749.38kb] [文件加载：84]
[ info ] [ LANG ] D:\phpStudy\WWW\yq\thinkphp\lang\zh-cn.php
[ info ] [ ROUTE ] array (
)
[ info ] [ HEADER ] array (
  'cache-control' => 'max-age=0',
  'upgrade-insecure-requests' => '1',
  'cookie' => 'PHPSESSID=i04s47ugm46onuqi5g55efqtl6',
  'connection' => 'close',
  'referer' => 'http://www.yq.io/',
  'accept-encoding' => 'gzip, deflate',
  'accept-language' => 'zh-CN,zh;q=0.8,zh-TW;q=0.7,zh-HK;q=0.5,en-US;q=0.3,en;q=0.2',
  'accept' => 'text/html,application/xhtml+xml,application/xml;q=0.9,*/*;q=0.8',
  'user-agent' => 'Mozilla/5.0 (Windows NT 6.1; Win64; x64; rv:63.0) Gecko/20100101 Firefox/63.0',
  'host' => 'www.yq.io',
)
[ info ] [ PARAM ] array (
  '/index/index/certificate_html' => '',
)
[ info ] [ CACHE ] INIT File
[ info ] [ DB ] INIT mysql
[ info ] [ VIEW ] D:\phpStudy\WWW\yq\application\index\view\index\certificate.html [ array (
  0 => 'cf',
  1 => 'ban',
  2 => 'bs',
  3 => 'list',
) ]
[ info ] [ LOG ] INIT File
[ sql ] [ DB ] CONNECT:[ UseTime:0.012001s ] mysql:host=127.0.0.1;port=3306;dbname=yq;charset=utf8
[ sql ] [ SQL ] SHOW COLUMNS FROM `banner` [ RunTime:0.011001s ]
[ sql ] [ SQL ] SELECT * FROM `banner` ORDER BY `sort` [ RunTime:0.001000s ]
[ sql ] [ SQL ] SHOW COLUMNS FROM `certificate` [ RunTime:0.010001s ]
[ sql ] [ SQL ] SELECT COUNT(*) AS tp_count FROM `certificate` LIMIT 1 [ RunTime:0.001000s ]
[ sql ] [ SQL ] SELECT * FROM `certificate` LIMIT 0,2 [ RunTime:0.000000s ]
---------------------------------------------------------------
[ 2019-04-30T00:02:45+08:00 ] 127.0.0.1 GET /favicon.ico
[ info ] www.yq.io/favicon.ico [运行时间：0.026002s][吞吐率：38.46req/s] [内存消耗：377.82kb] [文件加载：55]
[ info ] [ LANG ] D:\phpStudy\WWW\yq\thinkphp\lang\zh-cn.php
[ info ] [ ROUTE ] array (
)
[ info ] [ HEADER ] array (
  'cache-control' => 'max-age=0',
  'cookie' => 'PHPSESSID=i04s47ugm46onuqi5g55efqtl6',
  'connection' => 'close',
  'accept-encoding' => 'gzip, deflate',
  'accept-language' => 'zh-CN,zh;q=0.8,zh-TW;q=0.7,zh-HK;q=0.5,en-US;q=0.3,en;q=0.2',
  'accept' => 'text/html,application/xhtml+xml,application/xml;q=0.9,*/*;q=0.8',
  'user-agent' => 'Mozilla/5.0 (Windows NT 6.1; Win64; x64; rv:63.0) Gecko/20100101 Firefox/63.0',
  'host' => 'www.yq.io',
)
[ info ] [ PARAM ] array (
  '/favicon_ico' => '',
)
[ info ] [ LOG ] INIT File
---------------------------------------------------------------
[ 2019-04-30T00:02:46+08:00 ] 127.0.0.1 GET /admin/certificate/certificate.html
[ info ] www.yq.io/admin/certificate/certificate.html [运行时间：0.101005s][吞吐率：9.90req/s] [内存消耗：1,892.30kb] [文件加载：91]
[ info ] [ LANG ] D:\phpStudy\WWW\yq\thinkphp\lang\zh-cn.php
[ info ] [ ROUTE ] array (
)
[ info ] [ HEADER ] array (
  'upgrade-insecure-requests' => '1',
  'cookie' => 'PHPSESSID=i04s47ugm46onuqi5g55efqtl6',
  'connection' => 'close',
  'referer' => 'http://www.yq.io/admin/certificate/certificate_add',
  'accept-encoding' => 'gzip, deflate',
  'accept-language' => 'zh-CN,zh;q=0.8,zh-TW;q=0.7,zh-HK;q=0.5,en-US;q=0.3,en;q=0.2',
  'accept' => 'text/html,application/xhtml+xml,application/xml;q=0.9,*/*;q=0.8',
  'user-agent' => 'Mozilla/5.0 (Windows NT 6.1; Win64; x64; rv:63.0) Gecko/20100101 Firefox/63.0',
  'host' => 'www.yq.io',
)
[ info ] [ PARAM ] array (
  '/admin/certificate/certificate_html' => '',
)
[ info ] [ SESSION ] INIT array (
  'id' => '',
  'var_session_id' => '',
  'prefix' => 'think',
  'type' => '',
  'auto_start' => true,
  'httponly' => true,
  'secure' => false,
)
[ info ] [ DB ] INIT mysql
[ info ] [ CACHE ] INIT File
[ info ] [ VIEW ] D:\phpStudy\WWW\yq\application\admin\view\certificate\certificate.html [ array (
  0 => 'list',
  1 => 'manage',
  2 => 'menus',
) ]
[ info ] [ LOG ] INIT File
[ sql ] [ DB ] CONNECT:[ UseTime:0.002000s ] mysql:host=127.0.0.1;port=3306;dbname=yq;charset=utf8
[ sql ] [ SQL ] SHOW COLUMNS FROM `manage_user_group` [ RunTime:0.011001s ]
[ sql ] [ SQL ] SELECT `group_id` FROM `manage_user_group` WHERE  `user_id` = 1 [ RunTime:0.000000s ]
[ sql ] [ SQL ] SHOW COLUMNS FROM `manage_group` [ RunTime:0.012001s ]
[ sql ] [ SQL ] SELECT * FROM `manage_group` WHERE  `id` IN (1) [ RunTime:0.001000s ]
[ sql ] [ SQL ] SHOW COLUMNS FROM `certificate` [ RunTime:0.013001s ]
[ sql ] [ SQL ] SELECT COUNT(*) AS tp_count FROM `certificate` LIMIT 1 [ RunTime:0.000000s ]
[ sql ] [ SQL ] SELECT * FROM `certificate` LIMIT 0,15 [ RunTime:0.001000s ]
---------------------------------------------------------------
[ 2019-04-30T00:02:46+08:00 ] 127.0.0.1 GET /favicon.ico
[ info ] www.yq.io/favicon.ico [运行时间：0.016001s][吞吐率：62.50req/s] [内存消耗：377.51kb] [文件加载：55]
[ info ] [ LANG ] D:\phpStudy\WWW\yq\thinkphp\lang\zh-cn.php
[ info ] [ ROUTE ] array (
)
[ info ] [ HEADER ] array (
  'cookie' => 'PHPSESSID=i04s47ugm46onuqi5g55efqtl6',
  'connection' => 'close',
  'accept-encoding' => 'gzip, deflate',
  'accept-language' => 'zh-CN,zh;q=0.8,zh-TW;q=0.7,zh-HK;q=0.5,en-US;q=0.3,en;q=0.2',
  'accept' => 'text/html,application/xhtml+xml,application/xml;q=0.9,*/*;q=0.8',
  'user-agent' => 'Mozilla/5.0 (Windows NT 6.1; Win64; x64; rv:63.0) Gecko/20100101 Firefox/63.0',
  'host' => 'www.yq.io',
)
[ info ] [ PARAM ] array (
  '/favicon_ico' => '',
)
[ info ] [ LOG ] INIT File
---------------------------------------------------------------
[ 2019-04-30T00:05:02+08:00 ] 127.0.0.1 GET /index/index/certificate.html
[ info ] www.yq.io/index/index/certificate.html [运行时间：0.110006s][吞吐率：9.09req/s] [内存消耗：1,875.24kb] [文件加载：86]
[ info ] [ LANG ] D:\phpStudy\WWW\yq\thinkphp\lang\zh-cn.php
[ info ] [ ROUTE ] array (
)
[ info ] [ HEADER ] array (
  'cache-control' => 'max-age=0',
  'upgrade-insecure-requests' => '1',
  'cookie' => 'PHPSESSID=i04s47ugm46onuqi5g55efqtl6',
  'connection' => 'close',
  'referer' => 'http://www.yq.io/',
  'accept-encoding' => 'gzip, deflate',
  'accept-language' => 'zh-CN,zh;q=0.8,zh-TW;q=0.7,zh-HK;q=0.5,en-US;q=0.3,en;q=0.2',
  'accept' => 'text/html,application/xhtml+xml,application/xml;q=0.9,*/*;q=0.8',
  'user-agent' => 'Mozilla/5.0 (Windows NT 6.1; Win64; x64; rv:63.0) Gecko/20100101 Firefox/63.0',
  'host' => 'www.yq.io',
)
[ info ] [ PARAM ] array (
  '/index/index/certificate_html' => '',
)
[ info ] [ CACHE ] INIT File
[ info ] [ DB ] INIT mysql
[ info ] [ VIEW ] D:\phpStudy\WWW\yq\application\index\view\index\certificate.html [ array (
  0 => 'cf',
  1 => 'ban',
  2 => 'bs',
  3 => 'list',
) ]
[ info ] [ LOG ] INIT File
[ sql ] [ DB ] CONNECT:[ UseTime:0.008001s ] mysql:host=127.0.0.1;port=3306;dbname=yq;charset=utf8
[ sql ] [ SQL ] SHOW COLUMNS FROM `banner` [ RunTime:0.013000s ]
[ sql ] [ SQL ] SELECT * FROM `banner` ORDER BY `sort` [ RunTime:0.001000s ]
[ sql ] [ SQL ] SHOW COLUMNS FROM `certificate` [ RunTime:0.012000s ]
[ sql ] [ SQL ] SELECT COUNT(*) AS tp_count FROM `certificate` LIMIT 1 [ RunTime:0.000000s ]
[ sql ] [ SQL ] SELECT * FROM `certificate` LIMIT 0,2 [ RunTime:0.001000s ]
---------------------------------------------------------------
[ 2019-04-30T00:05:03+08:00 ] 127.0.0.1 GET /favicon.ico
[ info ] www.yq.io/favicon.ico [运行时间：0.021001s][吞吐率：47.62req/s] [内存消耗：377.82kb] [文件加载：55]
[ info ] [ LANG ] D:\phpStudy\WWW\yq\thinkphp\lang\zh-cn.php
[ info ] [ ROUTE ] array (
)
[ info ] [ HEADER ] array (
  'cache-control' => 'max-age=0',
  'cookie' => 'PHPSESSID=i04s47ugm46onuqi5g55efqtl6',
  'connection' => 'close',
  'accept-encoding' => 'gzip, deflate',
  'accept-language' => 'zh-CN,zh;q=0.8,zh-TW;q=0.7,zh-HK;q=0.5,en-US;q=0.3,en;q=0.2',
  'accept' => 'text/html,application/xhtml+xml,application/xml;q=0.9,*/*;q=0.8',
  'user-agent' => 'Mozilla/5.0 (Windows NT 6.1; Win64; x64; rv:63.0) Gecko/20100101 Firefox/63.0',
  'host' => 'www.yq.io',
)
[ info ] [ PARAM ] array (
  '/favicon_ico' => '',
)
[ info ] [ LOG ] INIT File
---------------------------------------------------------------
[ 2019-04-30T00:05:14+08:00 ] 127.0.0.1 GET /index/index/certificate.html
[ info ] www.yq.io/index/index/certificate.html [运行时间：0.072005s][吞吐率：13.89req/s] [内存消耗：1,875.21kb] [文件加载：86]
[ info ] [ LANG ] D:\phpStudy\WWW\yq\thinkphp\lang\zh-cn.php
[ info ] [ ROUTE ] array (
)
[ info ] [ HEADER ] array (
  'cache-control' => 'max-age=0',
  'upgrade-insecure-requests' => '1',
  'cookie' => 'PHPSESSID=i04s47ugm46onuqi5g55efqtl6',
  'connection' => 'close',
  'referer' => 'http://www.yq.io/',
  'accept-encoding' => 'gzip, deflate',
  'accept-language' => 'zh-CN,zh;q=0.8,zh-TW;q=0.7,zh-HK;q=0.5,en-US;q=0.3,en;q=0.2',
  'accept' => 'text/html,application/xhtml+xml,application/xml;q=0.9,*/*;q=0.8',
  'user-agent' => 'Mozilla/5.0 (Windows NT 6.1; Win64; x64; rv:63.0) Gecko/20100101 Firefox/63.0',
  'host' => 'www.yq.io',
)
[ info ] [ PARAM ] array (
  '/index/index/certificate_html' => '',
)
[ info ] [ CACHE ] INIT File
[ info ] [ DB ] INIT mysql
[ info ] [ VIEW ] D:\phpStudy\WWW\yq\application\index\view\index\certificate.html [ array (
  0 => 'cf',
  1 => 'ban',
  2 => 'bs',
  3 => 'list',
) ]
[ info ] [ LOG ] INIT File
[ sql ] [ DB ] CONNECT:[ UseTime:0.001000s ] mysql:host=127.0.0.1;port=3306;dbname=yq;charset=utf8
[ sql ] [ SQL ] SHOW COLUMNS FROM `banner` [ RunTime:0.009000s ]
[ sql ] [ SQL ] SELECT * FROM `banner` ORDER BY `sort` [ RunTime:0.000000s ]
[ sql ] [ SQL ] SHOW COLUMNS FROM `certificate` [ RunTime:0.009001s ]
[ sql ] [ SQL ] SELECT COUNT(*) AS tp_count FROM `certificate` LIMIT 1 [ RunTime:0.000000s ]
[ sql ] [ SQL ] SELECT * FROM `certificate` LIMIT 0,2 [ RunTime:0.001000s ]
---------------------------------------------------------------
[ 2019-04-30T00:05:15+08:00 ] 127.0.0.1 GET /favicon.ico
[ info ] www.yq.io/favicon.ico [运行时间：0.027002s][吞吐率：37.03req/s] [内存消耗：377.82kb] [文件加载：55]
[ info ] [ LANG ] D:\phpStudy\WWW\yq\thinkphp\lang\zh-cn.php
[ info ] [ ROUTE ] array (
)
[ info ] [ HEADER ] array (
  'cache-control' => 'max-age=0',
  'cookie' => 'PHPSESSID=i04s47ugm46onuqi5g55efqtl6',
  'connection' => 'close',
  'accept-encoding' => 'gzip, deflate',
  'accept-language' => 'zh-CN,zh;q=0.8,zh-TW;q=0.7,zh-HK;q=0.5,en-US;q=0.3,en;q=0.2',
  'accept' => 'text/html,application/xhtml+xml,application/xml;q=0.9,*/*;q=0.8',
  'user-agent' => 'Mozilla/5.0 (Windows NT 6.1; Win64; x64; rv:63.0) Gecko/20100101 Firefox/63.0',
  'host' => 'www.yq.io',
)
[ info ] [ PARAM ] array (
  '/favicon_ico' => '',
)
[ info ] [ LOG ] INIT File
---------------------------------------------------------------
[ 2019-04-30T00:05:27+08:00 ] 127.0.0.1 GET /index/index/certificate.html
[ info ] www.yq.io/index/index/certificate.html [运行时间：0.094006s][吞吐率：10.64req/s] [内存消耗：1,870.48kb] [文件加载：86]
[ info ] [ LANG ] D:\phpStudy\WWW\yq\thinkphp\lang\zh-cn.php
[ info ] [ ROUTE ] array (
)
[ info ] [ HEADER ] array (
  'cache-control' => 'max-age=0',
  'upgrade-insecure-requests' => '1',
  'cookie' => 'PHPSESSID=i04s47ugm46onuqi5g55efqtl6',
  'connection' => 'close',
  'referer' => 'http://www.yq.io/',
  'accept-encoding' => 'gzip, deflate',
  'accept-language' => 'zh-CN,zh;q=0.8,zh-TW;q=0.7,zh-HK;q=0.5,en-US;q=0.3,en;q=0.2',
  'accept' => 'text/html,application/xhtml+xml,application/xml;q=0.9,*/*;q=0.8',
  'user-agent' => 'Mozilla/5.0 (Windows NT 6.1; Win64; x64; rv:63.0) Gecko/20100101 Firefox/63.0',
  'host' => 'www.yq.io',
)
[ info ] [ PARAM ] array (
  '/index/index/certificate_html' => '',
)
[ info ] [ CACHE ] INIT File
[ info ] [ DB ] INIT mysql
[ info ] [ VIEW ] D:\phpStudy\WWW\yq\application\index\view\index\certificate.html [ array (
  0 => 'cf',
  1 => 'ban',
  2 => 'bs',
  3 => 'list',
) ]
[ info ] [ LOG ] INIT File
[ sql ] [ DB ] CONNECT:[ UseTime:0.004000s ] mysql:host=127.0.0.1;port=3306;dbname=yq;charset=utf8
[ sql ] [ SQL ] SHOW COLUMNS FROM `banner` [ RunTime:0.014001s ]
[ sql ] [ SQL ] SELECT * FROM `banner` ORDER BY `sort` [ RunTime:0.002000s ]
[ sql ] [ SQL ] SHOW COLUMNS FROM `certificate` [ RunTime:0.012001s ]
[ sql ] [ SQL ] SELECT COUNT(*) AS tp_count FROM `certificate` LIMIT 1 [ RunTime:0.000000s ]
[ sql ] [ SQL ] SELECT * FROM `certificate` LIMIT 0,2 [ RunTime:0.000000s ]
---------------------------------------------------------------
[ 2019-04-30T00:05:27+08:00 ] 127.0.0.1 GET /favicon.ico
[ info ] www.yq.io/favicon.ico [运行时间：0.027001s][吞吐率：37.04req/s] [内存消耗：377.82kb] [文件加载：55]
[ info ] [ LANG ] D:\phpStudy\WWW\yq\thinkphp\lang\zh-cn.php
[ info ] [ ROUTE ] array (
)
[ info ] [ HEADER ] array (
  'cache-control' => 'max-age=0',
  'cookie' => 'PHPSESSID=i04s47ugm46onuqi5g55efqtl6',
  'connection' => 'close',
  'accept-encoding' => 'gzip, deflate',
  'accept-language' => 'zh-CN,zh;q=0.8,zh-TW;q=0.7,zh-HK;q=0.5,en-US;q=0.3,en;q=0.2',
  'accept' => 'text/html,application/xhtml+xml,application/xml;q=0.9,*/*;q=0.8',
  'user-agent' => 'Mozilla/5.0 (Windows NT 6.1; Win64; x64; rv:63.0) Gecko/20100101 Firefox/63.0',
  'host' => 'www.yq.io',
)
[ info ] [ PARAM ] array (
  '/favicon_ico' => '',
)
[ info ] [ LOG ] INIT File
---------------------------------------------------------------
[ 2019-04-30T00:08:52+08:00 ] 127.0.0.1 GET /index/index/certificate.html
[ info ] www.yq.io/index/index/certificate.html [运行时间：0.096006s][吞吐率：10.42req/s] [内存消耗：1,870.60kb] [文件加载：86]
[ info ] [ LANG ] D:\phpStudy\WWW\yq\thinkphp\lang\zh-cn.php
[ info ] [ ROUTE ] array (
)
[ info ] [ HEADER ] array (
  'cache-control' => 'max-age=0',
  'upgrade-insecure-requests' => '1',
  'cookie' => 'PHPSESSID=i04s47ugm46onuqi5g55efqtl6',
  'connection' => 'close',
  'referer' => 'http://www.yq.io/',
  'accept-encoding' => 'gzip, deflate',
  'accept-language' => 'zh-CN,zh;q=0.8,zh-TW;q=0.7,zh-HK;q=0.5,en-US;q=0.3,en;q=0.2',
  'accept' => 'text/html,application/xhtml+xml,application/xml;q=0.9,*/*;q=0.8',
  'user-agent' => 'Mozilla/5.0 (Windows NT 6.1; Win64; x64; rv:63.0) Gecko/20100101 Firefox/63.0',
  'host' => 'www.yq.io',
)
[ info ] [ PARAM ] array (
  '/index/index/certificate_html' => '',
)
[ info ] [ CACHE ] INIT File
[ info ] [ DB ] INIT mysql
[ info ] [ VIEW ] D:\phpStudy\WWW\yq\application\index\view\index\certificate.html [ array (
  0 => 'cf',
  1 => 'ban',
  2 => 'bs',
  3 => 'list',
) ]
[ info ] [ LOG ] INIT File
[ sql ] [ DB ] CONNECT:[ UseTime:0.003000s ] mysql:host=127.0.0.1;port=3306;dbname=yq;charset=utf8
[ sql ] [ SQL ] SHOW COLUMNS FROM `banner` [ RunTime:0.013001s ]
[ sql ] [ SQL ] SELECT * FROM `banner` ORDER BY `sort` [ RunTime:0.001000s ]
[ sql ] [ SQL ] SHOW COLUMNS FROM `certificate` [ RunTime:0.011001s ]
[ sql ] [ SQL ] SELECT COUNT(*) AS tp_count FROM `certificate` LIMIT 1 [ RunTime:0.001000s ]
[ sql ] [ SQL ] SELECT * FROM `certificate` LIMIT 0,2 [ RunTime:0.001000s ]
---------------------------------------------------------------
[ 2019-04-30T00:08:52+08:00 ] 127.0.0.1 GET /favicon.ico
[ info ] www.yq.io/favicon.ico [运行时间：0.031002s][吞吐率：32.26req/s] [内存消耗：377.82kb] [文件加载：55]
[ info ] [ LANG ] D:\phpStudy\WWW\yq\thinkphp\lang\zh-cn.php
[ info ] [ ROUTE ] array (
)
[ info ] [ HEADER ] array (
  'cache-control' => 'max-age=0',
  'cookie' => 'PHPSESSID=i04s47ugm46onuqi5g55efqtl6',
  'connection' => 'close',
  'accept-encoding' => 'gzip, deflate',
  'accept-language' => 'zh-CN,zh;q=0.8,zh-TW;q=0.7,zh-HK;q=0.5,en-US;q=0.3,en;q=0.2',
  'accept' => 'text/html,application/xhtml+xml,application/xml;q=0.9,*/*;q=0.8',
  'user-agent' => 'Mozilla/5.0 (Windows NT 6.1; Win64; x64; rv:63.0) Gecko/20100101 Firefox/63.0',
  'host' => 'www.yq.io',
)
[ info ] [ PARAM ] array (
  '/favicon_ico' => '',
)
[ info ] [ LOG ] INIT File
---------------------------------------------------------------
[ 2019-04-30T00:08:58+08:00 ] 127.0.0.1 GET /index/index/certificate.html?page=2
[ info ] www.yq.io/index/index/certificate.html?page=2 [运行时间：0.070004s][吞吐率：14.28req/s] [内存消耗：1,748.95kb] [文件加载：84]
[ info ] [ LANG ] D:\phpStudy\WWW\yq\thinkphp\lang\zh-cn.php
[ info ] [ ROUTE ] array (
)
[ info ] [ HEADER ] array (
  'upgrade-insecure-requests' => '1',
  'cookie' => 'PHPSESSID=i04s47ugm46onuqi5g55efqtl6',
  'connection' => 'close',
  'referer' => 'http://www.yq.io/index/index/certificate.html',
  'accept-encoding' => 'gzip, deflate',
  'accept-language' => 'zh-CN,zh;q=0.8,zh-TW;q=0.7,zh-HK;q=0.5,en-US;q=0.3,en;q=0.2',
  'accept' => 'text/html,application/xhtml+xml,application/xml;q=0.9,*/*;q=0.8',
  'user-agent' => 'Mozilla/5.0 (Windows NT 6.1; Win64; x64; rv:63.0) Gecko/20100101 Firefox/63.0',
  'host' => 'www.yq.io',
)
[ info ] [ PARAM ] array (
  '/index/index/certificate_html' => '',
  'page' => '2',
)
[ info ] [ CACHE ] INIT File
[ info ] [ DB ] INIT mysql
[ info ] [ VIEW ] D:\phpStudy\WWW\yq\application\index\view\index\certificate.html [ array (
  0 => 'cf',
  1 => 'ban',
  2 => 'bs',
  3 => 'list',
) ]
[ info ] [ LOG ] INIT File
[ sql ] [ DB ] CONNECT:[ UseTime:0.010000s ] mysql:host=127.0.0.1;port=3306;dbname=yq;charset=utf8
[ sql ] [ SQL ] SHOW COLUMNS FROM `banner` [ RunTime:0.009001s ]
[ sql ] [ SQL ] SELECT * FROM `banner` ORDER BY `sort` [ RunTime:0.001000s ]
[ sql ] [ SQL ] SHOW COLUMNS FROM `certificate` [ RunTime:0.010000s ]
[ sql ] [ SQL ] SELECT COUNT(*) AS tp_count FROM `certificate` LIMIT 1 [ RunTime:0.000000s ]
[ sql ] [ SQL ] SELECT * FROM `certificate` LIMIT 2,2 [ RunTime:0.001001s ]
---------------------------------------------------------------
[ 2019-04-30T00:08:58+08:00 ] 127.0.0.1 GET /favicon.ico
[ info ] www.yq.io/favicon.ico [运行时间：0.025001s][吞吐率：40.00req/s] [内存消耗：377.51kb] [文件加载：55]
[ info ] [ LANG ] D:\phpStudy\WWW\yq\thinkphp\lang\zh-cn.php
[ info ] [ ROUTE ] array (
)
[ info ] [ HEADER ] array (
  'cookie' => 'PHPSESSID=i04s47ugm46onuqi5g55efqtl6',
  'connection' => 'close',
  'accept-encoding' => 'gzip, deflate',
  'accept-language' => 'zh-CN,zh;q=0.8,zh-TW;q=0.7,zh-HK;q=0.5,en-US;q=0.3,en;q=0.2',
  'accept' => 'text/html,application/xhtml+xml,application/xml;q=0.9,*/*;q=0.8',
  'user-agent' => 'Mozilla/5.0 (Windows NT 6.1; Win64; x64; rv:63.0) Gecko/20100101 Firefox/63.0',
  'host' => 'www.yq.io',
)
[ info ] [ PARAM ] array (
  '/favicon_ico' => '',
)
[ info ] [ LOG ] INIT File
---------------------------------------------------------------
[ 2019-04-30T00:10:04+08:00 ] 127.0.0.1 GET /index/index/certificate.html?page=2
[ info ] www.yq.io/index/index/certificate.html?page=2 [运行时间：0.113007s][吞吐率：8.85req/s] [内存消耗：1,870.14kb] [文件加载：86]
[ info ] [ LANG ] D:\phpStudy\WWW\yq\thinkphp\lang\zh-cn.php
[ info ] [ ROUTE ] array (
)
[ info ] [ HEADER ] array (
  'cache-control' => 'max-age=0',
  'upgrade-insecure-requests' => '1',
  'cookie' => 'PHPSESSID=i04s47ugm46onuqi5g55efqtl6',
  'connection' => 'close',
  'referer' => 'http://www.yq.io/index/index/certificate.html',
  'accept-encoding' => 'gzip, deflate',
  'accept-language' => 'zh-CN,zh;q=0.8,zh-TW;q=0.7,zh-HK;q=0.5,en-US;q=0.3,en;q=0.2',
  'accept' => 'text/html,application/xhtml+xml,application/xml;q=0.9,*/*;q=0.8',
  'user-agent' => 'Mozilla/5.0 (Windows NT 6.1; Win64; x64; rv:63.0) Gecko/20100101 Firefox/63.0',
  'host' => 'www.yq.io',
)
[ info ] [ PARAM ] array (
  '/index/index/certificate_html' => '',
  'page' => '2',
)
[ info ] [ CACHE ] INIT File
[ info ] [ DB ] INIT mysql
[ info ] [ VIEW ] D:\phpStudy\WWW\yq\application\index\view\index\certificate.html [ array (
  0 => 'cf',
  1 => 'ban',
  2 => 'bs',
  3 => 'list',
) ]
[ info ] [ LOG ] INIT File
[ sql ] [ DB ] CONNECT:[ UseTime:0.011001s ] mysql:host=127.0.0.1;port=3306;dbname=yq;charset=utf8
[ sql ] [ SQL ] SHOW COLUMNS FROM `banner` [ RunTime:0.018001s ]
[ sql ] [ SQL ] SELECT * FROM `banner` ORDER BY `sort` [ RunTime:0.002000s ]
[ sql ] [ SQL ] SHOW COLUMNS FROM `certificate` [ RunTime:0.011001s ]
[ sql ] [ SQL ] SELECT COUNT(*) AS tp_count FROM `certificate` LIMIT 1 [ RunTime:0.004000s ]
[ sql ] [ SQL ] SELECT * FROM `certificate` LIMIT 2,2 [ RunTime:0.001000s ]
---------------------------------------------------------------
[ 2019-04-30T00:10:05+08:00 ] 127.0.0.1 GET /favicon.ico
[ info ] www.yq.io/favicon.ico [运行时间：0.020001s][吞吐率：50.00req/s] [内存消耗：377.82kb] [文件加载：55]
[ info ] [ LANG ] D:\phpStudy\WWW\yq\thinkphp\lang\zh-cn.php
[ info ] [ ROUTE ] array (
)
[ info ] [ HEADER ] array (
  'cache-control' => 'max-age=0',
  'cookie' => 'PHPSESSID=i04s47ugm46onuqi5g55efqtl6',
  'connection' => 'close',
  'accept-encoding' => 'gzip, deflate',
  'accept-language' => 'zh-CN,zh;q=0.8,zh-TW;q=0.7,zh-HK;q=0.5,en-US;q=0.3,en;q=0.2',
  'accept' => 'text/html,application/xhtml+xml,application/xml;q=0.9,*/*;q=0.8',
  'user-agent' => 'Mozilla/5.0 (Windows NT 6.1; Win64; x64; rv:63.0) Gecko/20100101 Firefox/63.0',
  'host' => 'www.yq.io',
)
[ info ] [ PARAM ] array (
  '/favicon_ico' => '',
)
[ info ] [ LOG ] INIT File
---------------------------------------------------------------
[ 2019-04-30T00:10:13+08:00 ] 127.0.0.1 GET /index/index/certificate.html?page=2
[ info ] www.yq.io/index/index/certificate.html?page=2 [运行时间：0.108006s][吞吐率：9.26req/s] [内存消耗：1,870.19kb] [文件加载：86]
[ info ] [ LANG ] D:\phpStudy\WWW\yq\thinkphp\lang\zh-cn.php
[ info ] [ ROUTE ] array (
)
[ info ] [ HEADER ] array (
  'cache-control' => 'max-age=0',
  'upgrade-insecure-requests' => '1',
  'cookie' => 'PHPSESSID=i04s47ugm46onuqi5g55efqtl6',
  'connection' => 'close',
  'referer' => 'http://www.yq.io/index/index/certificate.html',
  'accept-encoding' => 'gzip, deflate',
  'accept-language' => 'zh-CN,zh;q=0.8,zh-TW;q=0.7,zh-HK;q=0.5,en-US;q=0.3,en;q=0.2',
  'accept' => 'text/html,application/xhtml+xml,application/xml;q=0.9,*/*;q=0.8',
  'user-agent' => 'Mozilla/5.0 (Windows NT 6.1; Win64; x64; rv:63.0) Gecko/20100101 Firefox/63.0',
  'host' => 'www.yq.io',
)
[ info ] [ PARAM ] array (
  '/index/index/certificate_html' => '',
  'page' => '2',
)
[ info ] [ CACHE ] INIT File
[ info ] [ DB ] INIT mysql
[ info ] [ VIEW ] D:\phpStudy\WWW\yq\application\index\view\index\certificate.html [ array (
  0 => 'cf',
  1 => 'ban',
  2 => 'bs',
  3 => 'list',
) ]
[ info ] [ LOG ] INIT File
[ sql ] [ DB ] CONNECT:[ UseTime:0.012000s ] mysql:host=127.0.0.1;port=3306;dbname=yq;charset=utf8
[ sql ] [ SQL ] SHOW COLUMNS FROM `banner` [ RunTime:0.011001s ]
[ sql ] [ SQL ] SELECT * FROM `banner` ORDER BY `sort` [ RunTime:0.002000s ]
[ sql ] [ SQL ] SHOW COLUMNS FROM `certificate` [ RunTime:0.009001s ]
[ sql ] [ SQL ] SELECT COUNT(*) AS tp_count FROM `certificate` LIMIT 1 [ RunTime:0.001000s ]
[ sql ] [ SQL ] SELECT * FROM `certificate` LIMIT 2,2 [ RunTime:0.001000s ]
---------------------------------------------------------------
[ 2019-04-30T00:10:14+08:00 ] 127.0.0.1 GET /favicon.ico
[ info ] www.yq.io/favicon.ico [运行时间：0.015001s][吞吐率：66.66req/s] [内存消耗：377.82kb] [文件加载：55]
[ info ] [ LANG ] D:\phpStudy\WWW\yq\thinkphp\lang\zh-cn.php
[ info ] [ ROUTE ] array (
)
[ info ] [ HEADER ] array (
  'cache-control' => 'max-age=0',
  'cookie' => 'PHPSESSID=i04s47ugm46onuqi5g55efqtl6',
  'connection' => 'close',
  'accept-encoding' => 'gzip, deflate',
  'accept-language' => 'zh-CN,zh;q=0.8,zh-TW;q=0.7,zh-HK;q=0.5,en-US;q=0.3,en;q=0.2',
  'accept' => 'text/html,application/xhtml+xml,application/xml;q=0.9,*/*;q=0.8',
  'user-agent' => 'Mozilla/5.0 (Windows NT 6.1; Win64; x64; rv:63.0) Gecko/20100101 Firefox/63.0',
  'host' => 'www.yq.io',
)
[ info ] [ PARAM ] array (
  '/favicon_ico' => '',
)
[ info ] [ LOG ] INIT File
---------------------------------------------------------------
[ 2019-04-30T00:10:16+08:00 ] 127.0.0.1 GET /index/index/certificate.html?page=2
[ info ] www.yq.io/index/index/certificate.html?page=2 [运行时间：0.099005s][吞吐率：10.10req/s] [内存消耗：1,749.14kb] [文件加载：84]
[ info ] [ LANG ] D:\phpStudy\WWW\yq\thinkphp\lang\zh-cn.php
[ info ] [ ROUTE ] array (
)
[ info ] [ HEADER ] array (
  'cache-control' => 'no-cache',
  'pragma' => 'no-cache',
  'upgrade-insecure-requests' => '1',
  'cookie' => 'PHPSESSID=i04s47ugm46onuqi5g55efqtl6',
  'connection' => 'close',
  'referer' => 'http://www.yq.io/index/index/certificate.html',
  'accept-encoding' => 'gzip, deflate',
  'accept-language' => 'zh-CN,zh;q=0.8,zh-TW;q=0.7,zh-HK;q=0.5,en-US;q=0.3,en;q=0.2',
  'accept' => 'text/html,application/xhtml+xml,application/xml;q=0.9,*/*;q=0.8',
  'user-agent' => 'Mozilla/5.0 (Windows NT 6.1; Win64; x64; rv:63.0) Gecko/20100101 Firefox/63.0',
  'host' => 'www.yq.io',
)
[ info ] [ PARAM ] array (
  '/index/index/certificate_html' => '',
  'page' => '2',
)
[ info ] [ CACHE ] INIT File
[ info ] [ DB ] INIT mysql
[ info ] [ VIEW ] D:\phpStudy\WWW\yq\application\index\view\index\certificate.html [ array (
  0 => 'cf',
  1 => 'ban',
  2 => 'bs',
  3 => 'list',
) ]
[ info ] [ LOG ] INIT File
[ sql ] [ DB ] CONNECT:[ UseTime:0.010001s ] mysql:host=127.0.0.1;port=3306;dbname=yq;charset=utf8
[ sql ] [ SQL ] SHOW COLUMNS FROM `banner` [ RunTime:0.010001s ]
[ sql ] [ SQL ] SELECT * FROM `banner` ORDER BY `sort` [ RunTime:0.009000s ]
[ sql ] [ SQL ] SHOW COLUMNS FROM `certificate` [ RunTime:0.015001s ]
[ sql ] [ SQL ] SELECT COUNT(*) AS tp_count FROM `certificate` LIMIT 1 [ RunTime:0.001000s ]
[ sql ] [ SQL ] SELECT * FROM `certificate` LIMIT 2,2 [ RunTime:0.001000s ]
---------------------------------------------------------------
[ 2019-04-30T00:10:17+08:00 ] 127.0.0.1 GET /favicon.ico
[ info ] www.yq.io/favicon.ico [运行时间：0.026002s][吞吐率：38.46req/s] [内存消耗：378.09kb] [文件加载：55]
[ info ] [ LANG ] D:\phpStudy\WWW\yq\thinkphp\lang\zh-cn.php
[ info ] [ ROUTE ] array (
)
[ info ] [ HEADER ] array (
  'cache-control' => 'no-cache',
  'pragma' => 'no-cache',
  'cookie' => 'PHPSESSID=i04s47ugm46onuqi5g55efqtl6',
  'connection' => 'close',
  'accept-encoding' => 'gzip, deflate',
  'accept-language' => 'zh-CN,zh;q=0.8,zh-TW;q=0.7,zh-HK;q=0.5,en-US;q=0.3,en;q=0.2',
  'accept' => 'text/html,application/xhtml+xml,application/xml;q=0.9,*/*;q=0.8',
  'user-agent' => 'Mozilla/5.0 (Windows NT 6.1; Win64; x64; rv:63.0) Gecko/20100101 Firefox/63.0',
  'host' => 'www.yq.io',
)
[ info ] [ PARAM ] array (
  '/favicon_ico' => '',
)
[ info ] [ LOG ] INIT File
---------------------------------------------------------------
[ 2019-04-30T00:10:29+08:00 ] 127.0.0.1 GET /index/index/certificate.html?page=2
[ info ] www.yq.io/index/index/certificate.html?page=2 [运行时间：0.101006s][吞吐率：9.90req/s] [内存消耗：1,870.16kb] [文件加载：86]
[ info ] [ LANG ] D:\phpStudy\WWW\yq\thinkphp\lang\zh-cn.php
[ info ] [ ROUTE ] array (
)
[ info ] [ HEADER ] array (
  'cache-control' => 'max-age=0',
  'upgrade-insecure-requests' => '1',
  'cookie' => 'PHPSESSID=i04s47ugm46onuqi5g55efqtl6',
  'connection' => 'close',
  'referer' => 'http://www.yq.io/index/index/certificate.html',
  'accept-encoding' => 'gzip, deflate',
  'accept-language' => 'zh-CN,zh;q=0.8,zh-TW;q=0.7,zh-HK;q=0.5,en-US;q=0.3,en;q=0.2',
  'accept' => 'text/html,application/xhtml+xml,application/xml;q=0.9,*/*;q=0.8',
  'user-agent' => 'Mozilla/5.0 (Windows NT 6.1; Win64; x64; rv:63.0) Gecko/20100101 Firefox/63.0',
  'host' => 'www.yq.io',
)
[ info ] [ PARAM ] array (
  '/index/index/certificate_html' => '',
  'page' => '2',
)
[ info ] [ CACHE ] INIT File
[ info ] [ DB ] INIT mysql
[ info ] [ VIEW ] D:\phpStudy\WWW\yq\application\index\view\index\certificate.html [ array (
  0 => 'cf',
  1 => 'ban',
  2 => 'bs',
  3 => 'list',
) ]
[ info ] [ LOG ] INIT File
[ sql ] [ DB ] CONNECT:[ UseTime:0.011001s ] mysql:host=127.0.0.1;port=3306;dbname=yq;charset=utf8
[ sql ] [ SQL ] SHOW COLUMNS FROM `banner` [ RunTime:0.018001s ]
[ sql ] [ SQL ] SELECT * FROM `banner` ORDER BY `sort` [ RunTime:0.001000s ]
[ sql ] [ SQL ] SHOW COLUMNS FROM `certificate` [ RunTime:0.014001s ]
[ sql ] [ SQL ] SELECT COUNT(*) AS tp_count FROM `certificate` LIMIT 1 [ RunTime:0.000000s ]
[ sql ] [ SQL ] SELECT * FROM `certificate` LIMIT 2,2 [ RunTime:0.000000s ]
---------------------------------------------------------------
[ 2019-04-30T00:10:30+08:00 ] 127.0.0.1 GET /favicon.ico
[ info ] www.yq.io/favicon.ico [运行时间：0.024002s][吞吐率：41.66req/s] [内存消耗：377.82kb] [文件加载：55]
[ info ] [ LANG ] D:\phpStudy\WWW\yq\thinkphp\lang\zh-cn.php
[ info ] [ ROUTE ] array (
)
[ info ] [ HEADER ] array (
  'cache-control' => 'max-age=0',
  'cookie' => 'PHPSESSID=i04s47ugm46onuqi5g55efqtl6',
  'connection' => 'close',
  'accept-encoding' => 'gzip, deflate',
  'accept-language' => 'zh-CN,zh;q=0.8,zh-TW;q=0.7,zh-HK;q=0.5,en-US;q=0.3,en;q=0.2',
  'accept' => 'text/html,application/xhtml+xml,application/xml;q=0.9,*/*;q=0.8',
  'user-agent' => 'Mozilla/5.0 (Windows NT 6.1; Win64; x64; rv:63.0) Gecko/20100101 Firefox/63.0',
  'host' => 'www.yq.io',
)
[ info ] [ PARAM ] array (
  '/favicon_ico' => '',
)
[ info ] [ LOG ] INIT File
---------------------------------------------------------------
[ 2019-04-30T00:10:38+08:00 ] 127.0.0.1 GET /index/index/certificate.html?page=2
[ info ] www.yq.io/index/index/certificate.html?page=2 [运行时间：0.099006s][吞吐率：10.10req/s] [内存消耗：1,870.13kb] [文件加载：86]
[ info ] [ LANG ] D:\phpStudy\WWW\yq\thinkphp\lang\zh-cn.php
[ info ] [ ROUTE ] array (
)
[ info ] [ HEADER ] array (
  'cache-control' => 'max-age=0',
  'upgrade-insecure-requests' => '1',
  'cookie' => 'PHPSESSID=i04s47ugm46onuqi5g55efqtl6',
  'connection' => 'close',
  'referer' => 'http://www.yq.io/index/index/certificate.html',
  'accept-encoding' => 'gzip, deflate',
  'accept-language' => 'zh-CN,zh;q=0.8,zh-TW;q=0.7,zh-HK;q=0.5,en-US;q=0.3,en;q=0.2',
  'accept' => 'text/html,application/xhtml+xml,application/xml;q=0.9,*/*;q=0.8',
  'user-agent' => 'Mozilla/5.0 (Windows NT 6.1; Win64; x64; rv:63.0) Gecko/20100101 Firefox/63.0',
  'host' => 'www.yq.io',
)
[ info ] [ PARAM ] array (
  '/index/index/certificate_html' => '',
  'page' => '2',
)
[ info ] [ CACHE ] INIT File
[ info ] [ DB ] INIT mysql
[ info ] [ VIEW ] D:\phpStudy\WWW\yq\application\index\view\index\certificate.html [ array (
  0 => 'cf',
  1 => 'ban',
  2 => 'bs',
  3 => 'list',
) ]
[ info ] [ LOG ] INIT File
[ sql ] [ DB ] CONNECT:[ UseTime:0.008001s ] mysql:host=127.0.0.1;port=3306;dbname=yq;charset=utf8
[ sql ] [ SQL ] SHOW COLUMNS FROM `banner` [ RunTime:0.012000s ]
[ sql ] [ SQL ] SELECT * FROM `banner` ORDER BY `sort` [ RunTime:0.001000s ]
[ sql ] [ SQL ] SHOW COLUMNS FROM `certificate` [ RunTime:0.013000s ]
[ sql ] [ SQL ] SELECT COUNT(*) AS tp_count FROM `certificate` LIMIT 1 [ RunTime:0.001000s ]
[ sql ] [ SQL ] SELECT * FROM `certificate` LIMIT 2,2 [ RunTime:0.001000s ]
---------------------------------------------------------------
[ 2019-04-30T00:10:39+08:00 ] 127.0.0.1 GET /favicon.ico
[ info ] www.yq.io/favicon.ico [运行时间：0.019001s][吞吐率：52.63req/s] [内存消耗：377.82kb] [文件加载：55]
[ info ] [ LANG ] D:\phpStudy\WWW\yq\thinkphp\lang\zh-cn.php
[ info ] [ ROUTE ] array (
)
[ info ] [ HEADER ] array (
  'cache-control' => 'max-age=0',
  'cookie' => 'PHPSESSID=i04s47ugm46onuqi5g55efqtl6',
  'connection' => 'close',
  'accept-encoding' => 'gzip, deflate',
  'accept-language' => 'zh-CN,zh;q=0.8,zh-TW;q=0.7,zh-HK;q=0.5,en-US;q=0.3,en;q=0.2',
  'accept' => 'text/html,application/xhtml+xml,application/xml;q=0.9,*/*;q=0.8',
  'user-agent' => 'Mozilla/5.0 (Windows NT 6.1; Win64; x64; rv:63.0) Gecko/20100101 Firefox/63.0',
  'host' => 'www.yq.io',
)
[ info ] [ PARAM ] array (
  '/favicon_ico' => '',
)
[ info ] [ LOG ] INIT File
---------------------------------------------------------------
[ 2019-04-30T00:10:51+08:00 ] 127.0.0.1 GET /index/index/certificate.html?page=2
[ info ] www.yq.io/index/index/certificate.html?page=2 [运行时间：0.128007s][吞吐率：7.81req/s] [内存消耗：1,870.13kb] [文件加载：86]
[ info ] [ LANG ] D:\phpStudy\WWW\yq\thinkphp\lang\zh-cn.php
[ info ] [ ROUTE ] array (
)
[ info ] [ HEADER ] array (
  'cache-control' => 'max-age=0',
  'upgrade-insecure-requests' => '1',
  'cookie' => 'PHPSESSID=i04s47ugm46onuqi5g55efqtl6',
  'connection' => 'close',
  'referer' => 'http://www.yq.io/index/index/certificate.html',
  'accept-encoding' => 'gzip, deflate',
  'accept-language' => 'zh-CN,zh;q=0.8,zh-TW;q=0.7,zh-HK;q=0.5,en-US;q=0.3,en;q=0.2',
  'accept' => 'text/html,application/xhtml+xml,application/xml;q=0.9,*/*;q=0.8',
  'user-agent' => 'Mozilla/5.0 (Windows NT 6.1; Win64; x64; rv:63.0) Gecko/20100101 Firefox/63.0',
  'host' => 'www.yq.io',
)
[ info ] [ PARAM ] array (
  '/index/index/certificate_html' => '',
  'page' => '2',
)
[ info ] [ CACHE ] INIT File
[ info ] [ DB ] INIT mysql
[ info ] [ VIEW ] D:\phpStudy\WWW\yq\application\index\view\index\certificate.html [ array (
  0 => 'cf',
  1 => 'ban',
  2 => 'bs',
  3 => 'list',
) ]
[ info ] [ LOG ] INIT File
[ sql ] [ DB ] CONNECT:[ UseTime:0.018001s ] mysql:host=127.0.0.1;port=3306;dbname=yq;charset=utf8
[ sql ] [ SQL ] SHOW COLUMNS FROM `banner` [ RunTime:0.010001s ]
[ sql ] [ SQL ] SELECT * FROM `banner` ORDER BY `sort` [ RunTime:0.001000s ]
[ sql ] [ SQL ] SHOW COLUMNS FROM `certificate` [ RunTime:0.018001s ]
[ sql ] [ SQL ] SELECT COUNT(*) AS tp_count FROM `certificate` LIMIT 1 [ RunTime:0.011000s ]
[ sql ] [ SQL ] SELECT * FROM `certificate` LIMIT 2,2 [ RunTime:0.001000s ]
---------------------------------------------------------------
[ 2019-04-30T00:10:52+08:00 ] 127.0.0.1 GET /favicon.ico
[ info ] www.yq.io/favicon.ico [运行时间：0.021002s][吞吐率：47.61req/s] [内存消耗：377.82kb] [文件加载：55]
[ info ] [ LANG ] D:\phpStudy\WWW\yq\thinkphp\lang\zh-cn.php
[ info ] [ ROUTE ] array (
)
[ info ] [ HEADER ] array (
  'cache-control' => 'max-age=0',
  'cookie' => 'PHPSESSID=i04s47ugm46onuqi5g55efqtl6',
  'connection' => 'close',
  'accept-encoding' => 'gzip, deflate',
  'accept-language' => 'zh-CN,zh;q=0.8,zh-TW;q=0.7,zh-HK;q=0.5,en-US;q=0.3,en;q=0.2',
  'accept' => 'text/html,application/xhtml+xml,application/xml;q=0.9,*/*;q=0.8',
  'user-agent' => 'Mozilla/5.0 (Windows NT 6.1; Win64; x64; rv:63.0) Gecko/20100101 Firefox/63.0',
  'host' => 'www.yq.io',
)
[ info ] [ PARAM ] array (
  '/favicon_ico' => '',
)
[ info ] [ LOG ] INIT File
---------------------------------------------------------------
[ 2019-04-30T00:12:08+08:00 ] 127.0.0.1 GET /index/index/certificate.html?page=2
[ info ] www.yq.io/index/index/certificate.html?page=2 [运行时间：0.095006s][吞吐率：10.53req/s] [内存消耗：1,870.13kb] [文件加载：86]
[ info ] [ LANG ] D:\phpStudy\WWW\yq\thinkphp\lang\zh-cn.php
[ info ] [ ROUTE ] array (
)
[ info ] [ HEADER ] array (
  'cache-control' => 'max-age=0',
  'upgrade-insecure-requests' => '1',
  'cookie' => 'PHPSESSID=i04s47ugm46onuqi5g55efqtl6',
  'connection' => 'close',
  'referer' => 'http://www.yq.io/index/index/certificate.html',
  'accept-encoding' => 'gzip, deflate',
  'accept-language' => 'zh-CN,zh;q=0.8,zh-TW;q=0.7,zh-HK;q=0.5,en-US;q=0.3,en;q=0.2',
  'accept' => 'text/html,application/xhtml+xml,application/xml;q=0.9,*/*;q=0.8',
  'user-agent' => 'Mozilla/5.0 (Windows NT 6.1; Win64; x64; rv:63.0) Gecko/20100101 Firefox/63.0',
  'host' => 'www.yq.io',
)
[ info ] [ PARAM ] array (
  '/index/index/certificate_html' => '',
  'page' => '2',
)
[ info ] [ CACHE ] INIT File
[ info ] [ DB ] INIT mysql
[ info ] [ VIEW ] D:\phpStudy\WWW\yq\application\index\view\index\certificate.html [ array (
  0 => 'cf',
  1 => 'ban',
  2 => 'bs',
  3 => 'list',
) ]
[ info ] [ LOG ] INIT File
[ sql ] [ DB ] CONNECT:[ UseTime:0.002000s ] mysql:host=127.0.0.1;port=3306;dbname=yq;charset=utf8
[ sql ] [ SQL ] SHOW COLUMNS FROM `banner` [ RunTime:0.013001s ]
[ sql ] [ SQL ] SELECT * FROM `banner` ORDER BY `sort` [ RunTime:0.001000s ]
[ sql ] [ SQL ] SHOW COLUMNS FROM `certificate` [ RunTime:0.011001s ]
[ sql ] [ SQL ] SELECT COUNT(*) AS tp_count FROM `certificate` LIMIT 1 [ RunTime:0.001000s ]
[ sql ] [ SQL ] SELECT * FROM `certificate` LIMIT 2,2 [ RunTime:0.001000s ]
---------------------------------------------------------------
[ 2019-04-30T00:12:09+08:00 ] 127.0.0.1 GET /favicon.ico
[ info ] www.yq.io/favicon.ico [运行时间：0.024001s][吞吐率：41.66req/s] [内存消耗：377.82kb] [文件加载：55]
[ info ] [ LANG ] D:\phpStudy\WWW\yq\thinkphp\lang\zh-cn.php
[ info ] [ ROUTE ] array (
)
[ info ] [ HEADER ] array (
  'cache-control' => 'max-age=0',
  'cookie' => 'PHPSESSID=i04s47ugm46onuqi5g55efqtl6',
  'connection' => 'close',
  'accept-encoding' => 'gzip, deflate',
  'accept-language' => 'zh-CN,zh;q=0.8,zh-TW;q=0.7,zh-HK;q=0.5,en-US;q=0.3,en;q=0.2',
  'accept' => 'text/html,application/xhtml+xml,application/xml;q=0.9,*/*;q=0.8',
  'user-agent' => 'Mozilla/5.0 (Windows NT 6.1; Win64; x64; rv:63.0) Gecko/20100101 Firefox/63.0',
  'host' => 'www.yq.io',
)
[ info ] [ PARAM ] array (
  '/favicon_ico' => '',
)
[ info ] [ LOG ] INIT File
---------------------------------------------------------------
[ 2019-04-30T00:12:12+08:00 ] 127.0.0.1 GET /index/index/certificate.html?page=1
[ info ] www.yq.io/index/index/certificate.html?page=1 [运行时间：0.070004s][吞吐率：14.28req/s] [内存消耗：1,749.56kb] [文件加载：84]
[ info ] [ LANG ] D:\phpStudy\WWW\yq\thinkphp\lang\zh-cn.php
[ info ] [ ROUTE ] array (
)
[ info ] [ HEADER ] array (
  'upgrade-insecure-requests' => '1',
  'cookie' => 'PHPSESSID=i04s47ugm46onuqi5g55efqtl6',
  'connection' => 'close',
  'referer' => 'http://www.yq.io/index/index/certificate.html?page=2',
  'accept-encoding' => 'gzip, deflate',
  'accept-language' => 'zh-CN,zh;q=0.8,zh-TW;q=0.7,zh-HK;q=0.5,en-US;q=0.3,en;q=0.2',
  'accept' => 'text/html,application/xhtml+xml,application/xml;q=0.9,*/*;q=0.8',
  'user-agent' => 'Mozilla/5.0 (Windows NT 6.1; Win64; x64; rv:63.0) Gecko/20100101 Firefox/63.0',
  'host' => 'www.yq.io',
)
[ info ] [ PARAM ] array (
  '/index/index/certificate_html' => '',
  'page' => '1',
)
[ info ] [ CACHE ] INIT File
[ info ] [ DB ] INIT mysql
[ info ] [ VIEW ] D:\phpStudy\WWW\yq\application\index\view\index\certificate.html [ array (
  0 => 'cf',
  1 => 'ban',
  2 => 'bs',
  3 => 'list',
) ]
[ info ] [ LOG ] INIT File
[ sql ] [ DB ] CONNECT:[ UseTime:0.006000s ] mysql:host=127.0.0.1;port=3306;dbname=yq;charset=utf8
[ sql ] [ SQL ] SHOW COLUMNS FROM `banner` [ RunTime:0.011001s ]
[ sql ] [ SQL ] SELECT * FROM `banner` ORDER BY `sort` [ RunTime:0.000000s ]
[ sql ] [ SQL ] SHOW COLUMNS FROM `certificate` [ RunTime:0.011001s ]
[ sql ] [ SQL ] SELECT COUNT(*) AS tp_count FROM `certificate` LIMIT 1 [ RunTime:0.000000s ]
[ sql ] [ SQL ] SELECT * FROM `certificate` LIMIT 0,2 [ RunTime:0.001000s ]
---------------------------------------------------------------
[ 2019-04-30T00:12:12+08:00 ] 127.0.0.1 GET /favicon.ico
[ info ] www.yq.io/favicon.ico [运行时间：0.026001s][吞吐率：38.46req/s] [内存消耗：377.51kb] [文件加载：55]
[ info ] [ LANG ] D:\phpStudy\WWW\yq\thinkphp\lang\zh-cn.php
[ info ] [ ROUTE ] array (
)
[ info ] [ HEADER ] array (
  'cookie' => 'PHPSESSID=i04s47ugm46onuqi5g55efqtl6',
  'connection' => 'close',
  'accept-encoding' => 'gzip, deflate',
  'accept-language' => 'zh-CN,zh;q=0.8,zh-TW;q=0.7,zh-HK;q=0.5,en-US;q=0.3,en;q=0.2',
  'accept' => 'text/html,application/xhtml+xml,application/xml;q=0.9,*/*;q=0.8',
  'user-agent' => 'Mozilla/5.0 (Windows NT 6.1; Win64; x64; rv:63.0) Gecko/20100101 Firefox/63.0',
  'host' => 'www.yq.io',
)
[ info ] [ PARAM ] array (
  '/favicon_ico' => '',
)
[ info ] [ LOG ] INIT File
---------------------------------------------------------------
[ 2019-04-30T00:12:30+08:00 ] 127.0.0.1 GET /index/index/certificate.html?page=1
[ info ] www.yq.io/index/index/certificate.html?page=1 [运行时间：0.077005s][吞吐率：12.99req/s] [内存消耗：1,870.73kb] [文件加载：86]
[ info ] [ LANG ] D:\phpStudy\WWW\yq\thinkphp\lang\zh-cn.php
[ info ] [ ROUTE ] array (
)
[ info ] [ HEADER ] array (
  'cache-control' => 'max-age=0',
  'upgrade-insecure-requests' => '1',
  'cookie' => 'PHPSESSID=i04s47ugm46onuqi5g55efqtl6',
  'connection' => 'close',
  'referer' => 'http://www.yq.io/index/index/certificate.html?page=2',
  'accept-encoding' => 'gzip, deflate',
  'accept-language' => 'zh-CN,zh;q=0.8,zh-TW;q=0.7,zh-HK;q=0.5,en-US;q=0.3,en;q=0.2',
  'accept' => 'text/html,application/xhtml+xml,application/xml;q=0.9,*/*;q=0.8',
  'user-agent' => 'Mozilla/5.0 (Windows NT 6.1; Win64; x64; rv:63.0) Gecko/20100101 Firefox/63.0',
  'host' => 'www.yq.io',
)
[ info ] [ PARAM ] array (
  '/index/index/certificate_html' => '',
  'page' => '1',
)
[ info ] [ CACHE ] INIT File
[ info ] [ DB ] INIT mysql
[ info ] [ VIEW ] D:\phpStudy\WWW\yq\application\index\view\index\certificate.html [ array (
  0 => 'cf',
  1 => 'ban',
  2 => 'bs',
  3 => 'list',
) ]
[ info ] [ LOG ] INIT File
[ sql ] [ DB ] CONNECT:[ UseTime:0.002001s ] mysql:host=127.0.0.1;port=3306;dbname=yq;charset=utf8
[ sql ] [ SQL ] SHOW COLUMNS FROM `banner` [ RunTime:0.012000s ]
[ sql ] [ SQL ] SELECT * FROM `banner` ORDER BY `sort` [ RunTime:0.001000s ]
[ sql ] [ SQL ] SHOW COLUMNS FROM `certificate` [ RunTime:0.010001s ]
[ sql ] [ SQL ] SELECT COUNT(*) AS tp_count FROM `certificate` LIMIT 1 [ RunTime:0.001000s ]
[ sql ] [ SQL ] SELECT * FROM `certificate` LIMIT 0,2 [ RunTime:0.001000s ]
---------------------------------------------------------------
[ 2019-04-30T00:12:30+08:00 ] 127.0.0.1 GET /favicon.ico
[ info ] www.yq.io/favicon.ico [运行时间：0.019001s][吞吐率：52.63req/s] [内存消耗：377.82kb] [文件加载：55]
[ info ] [ LANG ] D:\phpStudy\WWW\yq\thinkphp\lang\zh-cn.php
[ info ] [ ROUTE ] array (
)
[ info ] [ HEADER ] array (
  'cache-control' => 'max-age=0',
  'cookie' => 'PHPSESSID=i04s47ugm46onuqi5g55efqtl6',
  'connection' => 'close',
  'accept-encoding' => 'gzip, deflate',
  'accept-language' => 'zh-CN,zh;q=0.8,zh-TW;q=0.7,zh-HK;q=0.5,en-US;q=0.3,en;q=0.2',
  'accept' => 'text/html,application/xhtml+xml,application/xml;q=0.9,*/*;q=0.8',
  'user-agent' => 'Mozilla/5.0 (Windows NT 6.1; Win64; x64; rv:63.0) Gecko/20100101 Firefox/63.0',
  'host' => 'www.yq.io',
)
[ info ] [ PARAM ] array (
  '/favicon_ico' => '',
)
[ info ] [ LOG ] INIT File
---------------------------------------------------------------
[ 2019-04-30T00:12:59+08:00 ] 127.0.0.1 GET /index/index/certificate.html?page=1
[ info ] www.yq.io/index/index/certificate.html?page=1 [运行时间：0.080004s][吞吐率：12.50req/s] [内存消耗：1,750.21kb] [文件加载：84]
[ info ] [ LANG ] D:\phpStudy\WWW\yq\thinkphp\lang\zh-cn.php
[ info ] [ ROUTE ] array (
)
[ info ] [ HEADER ] array (
  'cache-control' => 'no-cache',
  'pragma' => 'no-cache',
  'upgrade-insecure-requests' => '1',
  'cookie' => 'PHPSESSID=i04s47ugm46onuqi5g55efqtl6',
  'connection' => 'close',
  'referer' => 'http://www.yq.io/index/index/certificate.html?page=2',
  'accept-encoding' => 'gzip, deflate',
  'accept-language' => 'zh-CN,zh;q=0.8,zh-TW;q=0.7,zh-HK;q=0.5,en-US;q=0.3,en;q=0.2',
  'accept' => 'text/html,application/xhtml+xml,application/xml;q=0.9,*/*;q=0.8',
  'user-agent' => 'Mozilla/5.0 (Windows NT 6.1; Win64; x64; rv:63.0) Gecko/20100101 Firefox/63.0',
  'host' => 'www.yq.io',
)
[ info ] [ PARAM ] array (
  '/index/index/certificate_html' => '',
  'page' => '1',
)
[ info ] [ CACHE ] INIT File
[ info ] [ DB ] INIT mysql
[ info ] [ VIEW ] D:\phpStudy\WWW\yq\application\index\view\index\certificate.html [ array (
  0 => 'cf',
  1 => 'ban',
  2 => 'bs',
  3 => 'list',
) ]
[ info ] [ LOG ] INIT File
[ sql ] [ DB ] CONNECT:[ UseTime:0.002000s ] mysql:host=127.0.0.1;port=3306;dbname=yq;charset=utf8
[ sql ] [ SQL ] SHOW COLUMNS FROM `banner` [ RunTime:0.012001s ]
[ sql ] [ SQL ] SELECT * FROM `banner` ORDER BY `sort` [ RunTime:0.002000s ]
[ sql ] [ SQL ] SHOW COLUMNS FROM `certificate` [ RunTime:0.011001s ]
[ sql ] [ SQL ] SELECT COUNT(*) AS tp_count FROM `certificate` LIMIT 1 [ RunTime:0.003000s ]
[ sql ] [ SQL ] SELECT * FROM `certificate` LIMIT 0,5 [ RunTime:0.001000s ]
---------------------------------------------------------------
[ 2019-04-30T00:13:00+08:00 ] 127.0.0.1 GET /favicon.ico
[ info ] www.yq.io/favicon.ico [运行时间：0.019001s][吞吐率：52.63req/s] [内存消耗：378.09kb] [文件加载：55]
[ info ] [ LANG ] D:\phpStudy\WWW\yq\thinkphp\lang\zh-cn.php
[ info ] [ ROUTE ] array (
)
[ info ] [ HEADER ] array (
  'cache-control' => 'no-cache',
  'pragma' => 'no-cache',
  'cookie' => 'PHPSESSID=i04s47ugm46onuqi5g55efqtl6',
  'connection' => 'close',
  'accept-encoding' => 'gzip, deflate',
  'accept-language' => 'zh-CN,zh;q=0.8,zh-TW;q=0.7,zh-HK;q=0.5,en-US;q=0.3,en;q=0.2',
  'accept' => 'text/html,application/xhtml+xml,application/xml;q=0.9,*/*;q=0.8',
  'user-agent' => 'Mozilla/5.0 (Windows NT 6.1; Win64; x64; rv:63.0) Gecko/20100101 Firefox/63.0',
  'host' => 'www.yq.io',
)
[ info ] [ PARAM ] array (
  '/favicon_ico' => '',
)
[ info ] [ LOG ] INIT File
---------------------------------------------------------------
[ 2019-04-30T00:13:35+08:00 ] 127.0.0.1 GET /index/index/certificate.html?page=1
[ info ] www.yq.io/index/index/certificate.html?page=1 [运行时间：0.075004s][吞吐率：13.33req/s] [内存消耗：1,875.16kb] [文件加载：86]
[ info ] [ LANG ] D:\phpStudy\WWW\yq\thinkphp\lang\zh-cn.php
[ info ] [ ROUTE ] array (
)
[ info ] [ HEADER ] array (
  'cache-control' => 'max-age=0',
  'upgrade-insecure-requests' => '1',
  'cookie' => 'PHPSESSID=i04s47ugm46onuqi5g55efqtl6',
  'connection' => 'close',
  'referer' => 'http://www.yq.io/index/index/certificate.html?page=2',
  'accept-encoding' => 'gzip, deflate',
  'accept-language' => 'zh-CN,zh;q=0.8,zh-TW;q=0.7,zh-HK;q=0.5,en-US;q=0.3,en;q=0.2',
  'accept' => 'text/html,application/xhtml+xml,application/xml;q=0.9,*/*;q=0.8',
  'user-agent' => 'Mozilla/5.0 (Windows NT 6.1; Win64; x64; rv:63.0) Gecko/20100101 Firefox/63.0',
  'host' => 'www.yq.io',
)
[ info ] [ PARAM ] array (
  '/index/index/certificate_html' => '',
  'page' => '1',
)
[ info ] [ CACHE ] INIT File
[ info ] [ DB ] INIT mysql
[ info ] [ VIEW ] D:\phpStudy\WWW\yq\application\index\view\index\certificate.html [ array (
  0 => 'cf',
  1 => 'ban',
  2 => 'bs',
  3 => 'list',
) ]
[ info ] [ LOG ] INIT File
[ sql ] [ DB ] CONNECT:[ UseTime:0.002000s ] mysql:host=127.0.0.1;port=3306;dbname=yq;charset=utf8
[ sql ] [ SQL ] SHOW COLUMNS FROM `banner` [ RunTime:0.012001s ]
[ sql ] [ SQL ] SELECT * FROM `banner` ORDER BY `sort` [ RunTime:0.000000s ]
[ sql ] [ SQL ] SHOW COLUMNS FROM `certificate` [ RunTime:0.011001s ]
[ sql ] [ SQL ] SELECT COUNT(*) AS tp_count FROM `certificate` LIMIT 1 [ RunTime:0.001000s ]
[ sql ] [ SQL ] SELECT * FROM `certificate` LIMIT 0,5 [ RunTime:0.000000s ]
---------------------------------------------------------------
[ 2019-04-30T00:13:36+08:00 ] 127.0.0.1 GET /favicon.ico
[ info ] www.yq.io/favicon.ico [运行时间：0.019001s][吞吐率：52.63req/s] [内存消耗：377.82kb] [文件加载：55]
[ info ] [ LANG ] D:\phpStudy\WWW\yq\thinkphp\lang\zh-cn.php
[ info ] [ ROUTE ] array (
)
[ info ] [ HEADER ] array (
  'cache-control' => 'max-age=0',
  'cookie' => 'PHPSESSID=i04s47ugm46onuqi5g55efqtl6',
  'connection' => 'close',
  'accept-encoding' => 'gzip, deflate',
  'accept-language' => 'zh-CN,zh;q=0.8,zh-TW;q=0.7,zh-HK;q=0.5,en-US;q=0.3,en;q=0.2',
  'accept' => 'text/html,application/xhtml+xml,application/xml;q=0.9,*/*;q=0.8',
  'user-agent' => 'Mozilla/5.0 (Windows NT 6.1; Win64; x64; rv:63.0) Gecko/20100101 Firefox/63.0',
  'host' => 'www.yq.io',
)
[ info ] [ PARAM ] array (
  '/favicon_ico' => '',
)
[ info ] [ LOG ] INIT File
---------------------------------------------------------------
[ 2019-04-30T00:14:03+08:00 ] 127.0.0.1 HEAD /favicon.ico?_=205184769
[ info ] www.yq.io/favicon.ico?_=205184769 [运行时间：0.018001s][吞吐率：55.55req/s] [内存消耗：377.20kb] [文件加载：55]
[ info ] [ LANG ] D:\phpStudy\WWW\yq\thinkphp\lang\zh-cn.php
[ info ] [ ROUTE ] array (
)
[ info ] [ HEADER ] array (
  'cookie' => 'PHPSESSID=i04s47ugm46onuqi5g55efqtl6',
  'connection' => 'close',
  'referer' => 'http://www.yq.io/admin/certificate/certificate.html',
  'accept-encoding' => 'gzip, deflate',
  'accept-language' => 'zh-CN,zh;q=0.8,zh-TW;q=0.7,zh-HK;q=0.5,en-US;q=0.3,en;q=0.2',
  'accept' => '*/*',
  'user-agent' => 'Mozilla/5.0 (Windows NT 6.1; Win64; x64; rv:63.0) Gecko/20100101 Firefox/63.0',
  'host' => 'www.yq.io',
)
[ info ] [ PARAM ] array (
  '/favicon_ico' => '',
  '_' => '205184769',
)
[ info ] [ LOG ] INIT File
---------------------------------------------------------------
[ 2019-04-30T22:03:40+08:00 ] 127.0.0.1 HEAD /favicon.ico?_=219291291
[ info ] www.yq.io/favicon.ico?_=219291291 [运行时间：0.021001s][吞吐率：47.62req/s] [内存消耗：377.20kb] [文件加载：55]
[ info ] [ LANG ] D:\phpStudy\WWW\yq\thinkphp\lang\zh-cn.php
[ info ] [ ROUTE ] array (
)
[ info ] [ HEADER ] array (
  'cookie' => 'PHPSESSID=i04s47ugm46onuqi5g55efqtl6',
  'connection' => 'close',
  'referer' => 'http://www.yq.io/admin/certificate/certificate.html',
  'accept-encoding' => 'gzip, deflate',
  'accept-language' => 'zh-CN,zh;q=0.8,zh-TW;q=0.7,zh-HK;q=0.5,en-US;q=0.3,en;q=0.2',
  'accept' => '*/*',
  'user-agent' => 'Mozilla/5.0 (Windows NT 6.1; Win64; x64; rv:63.0) Gecko/20100101 Firefox/63.0',
  'host' => 'www.yq.io',
)
[ info ] [ PARAM ] array (
  '/favicon_ico' => '',
  '_' => '219291291',
)
[ info ] [ LOG ] INIT File
