---------------------------------------------------------------
[ 2019-05-01T01:24:15+08:00 ] 127.0.0.1 HEAD /favicon.ico?_=621675697
[ info ] www.yq.io/favicon.ico?_=621675697 [运行时间：0.029002s][吞吐率：34.48req/s] [内存消耗：377.21kb] [文件加载：55]
[ info ] [ LANG ] D:\phpStudy\WWW\yq\thinkphp\lang\zh-cn.php
[ info ] [ ROUTE ] array (
)
[ info ] [ HEADER ] array (
  'cookie' => 'PHPSESSID=i04s47ugm46onuqi5g55efqtl6',
  'connection' => 'close',
  'referer' => 'http://www.yq.io/admin/certificate/certificate.html',
  'accept-encoding' => 'gzip, deflate',
  'accept-language' => 'zh-CN,zh;q=0.8,zh-TW;q=0.7,zh-HK;q=0.5,en-US;q=0.3,en;q=0.2',
  'accept' => '*/*',
  'user-agent' => 'Mozilla/5.0 (Windows NT 6.1; Win64; x64; rv:63.0) Gecko/20100101 Firefox/63.0',
  'host' => 'www.yq.io',
)
[ info ] [ PARAM ] array (
  '/favicon_ico' => '',
  '_' => '621675697',
)
[ info ] [ LOG ] INIT File
---------------------------------------------------------------
[ 2019-05-01T01:42:26+08:00 ] 127.0.0.1 HEAD /favicon.ico?_=256199613
[ info ] www.yq.io/favicon.ico?_=256199613 [运行时间：0.021001s][吞吐率：47.62req/s] [内存消耗：377.20kb] [文件加载：55]
[ info ] [ LANG ] D:\phpStudy\WWW\yq\thinkphp\lang\zh-cn.php
[ info ] [ ROUTE ] array (
)
[ info ] [ HEADER ] array (
  'cookie' => 'PHPSESSID=i04s47ugm46onuqi5g55efqtl6',
  'connection' => 'close',
  'referer' => 'http://www.yq.io/admin/certificate/certificate.html',
  'accept-encoding' => 'gzip, deflate',
  'accept-language' => 'zh-CN,zh;q=0.8,zh-TW;q=0.7,zh-HK;q=0.5,en-US;q=0.3,en;q=0.2',
  'accept' => '*/*',
  'user-agent' => 'Mozilla/5.0 (Windows NT 6.1; Win64; x64; rv:63.0) Gecko/20100101 Firefox/63.0',
  'host' => 'www.yq.io',
)
[ info ] [ PARAM ] array (
  '/favicon_ico' => '',
  '_' => '256199613',
)
[ info ] [ LOG ] INIT File
---------------------------------------------------------------
[ 2019-05-01T01:42:43+08:00 ] 127.0.0.1 HEAD /favicon.ico?_=412850757
[ info ] www.yq.io/favicon.ico?_=412850757 [运行时间：0.034002s][吞吐率：29.41req/s] [内存消耗：377.20kb] [文件加载：55]
[ info ] [ LANG ] D:\phpStudy\WWW\yq\thinkphp\lang\zh-cn.php
[ info ] [ ROUTE ] array (
)
[ info ] [ HEADER ] array (
  'cookie' => 'PHPSESSID=i04s47ugm46onuqi5g55efqtl6',
  'connection' => 'close',
  'referer' => 'http://www.yq.io/admin/certificate/certificate.html',
  'accept-encoding' => 'gzip, deflate',
  'accept-language' => 'zh-CN,zh;q=0.8,zh-TW;q=0.7,zh-HK;q=0.5,en-US;q=0.3,en;q=0.2',
  'accept' => '*/*',
  'user-agent' => 'Mozilla/5.0 (Windows NT 6.1; Win64; x64; rv:63.0) Gecko/20100101 Firefox/63.0',
  'host' => 'www.yq.io',
)
[ info ] [ PARAM ] array (
  '/favicon_ico' => '',
  '_' => '412850757',
)
[ info ] [ LOG ] INIT File
---------------------------------------------------------------
[ 2019-05-01T11:13:12+08:00 ] 127.0.0.1 HEAD /favicon.ico?_=289427556
[ info ] www.yq.io/favicon.ico?_=289427556 [运行时间：0.033002s][吞吐率：30.30req/s] [内存消耗：377.20kb] [文件加载：55]
[ info ] [ LANG ] D:\phpStudy\WWW\yq\thinkphp\lang\zh-cn.php
[ info ] [ ROUTE ] array (
)
[ info ] [ HEADER ] array (
  'cookie' => 'PHPSESSID=i04s47ugm46onuqi5g55efqtl6',
  'connection' => 'close',
  'referer' => 'http://www.yq.io/admin/certificate/certificate.html',
  'accept-encoding' => 'gzip, deflate',
  'accept-language' => 'zh-CN,zh;q=0.8,zh-TW;q=0.7,zh-HK;q=0.5,en-US;q=0.3,en;q=0.2',
  'accept' => '*/*',
  'user-agent' => 'Mozilla/5.0 (Windows NT 6.1; Win64; x64; rv:63.0) Gecko/20100101 Firefox/63.0',
  'host' => 'www.yq.io',
)
[ info ] [ PARAM ] array (
  '/favicon_ico' => '',
  '_' => '289427556',
)
[ info ] [ LOG ] INIT File
---------------------------------------------------------------
[ 2019-05-01T12:05:39+08:00 ] 127.0.0.1 HEAD /favicon.ico?_=293058606
[ info ] www.yq.io/favicon.ico?_=293058606 [运行时间：0.019001s][吞吐率：52.63req/s] [内存消耗：377.20kb] [文件加载：55]
[ info ] [ LANG ] D:\phpStudy\WWW\yq\thinkphp\lang\zh-cn.php
[ info ] [ ROUTE ] array (
)
[ info ] [ HEADER ] array (
  'cookie' => 'PHPSESSID=i04s47ugm46onuqi5g55efqtl6',
  'connection' => 'close',
  'referer' => 'http://www.yq.io/admin/certificate/certificate.html',
  'accept-encoding' => 'gzip, deflate',
  'accept-language' => 'zh-CN,zh;q=0.8,zh-TW;q=0.7,zh-HK;q=0.5,en-US;q=0.3,en;q=0.2',
  'accept' => '*/*',
  'user-agent' => 'Mozilla/5.0 (Windows NT 6.1; Win64; x64; rv:63.0) Gecko/20100101 Firefox/63.0',
  'host' => 'www.yq.io',
)
[ info ] [ PARAM ] array (
  '/favicon_ico' => '',
  '_' => '293058606',
)
[ info ] [ LOG ] INIT File
---------------------------------------------------------------
[ 2019-05-01T14:54:11+08:00 ] 127.0.0.1 HEAD /favicon.ico?_=183411845
[ info ] www.yq.io/favicon.ico?_=183411845 [运行时间：0.022001s][吞吐率：45.45req/s] [内存消耗：377.20kb] [文件加载：55]
[ info ] [ LANG ] D:\phpStudy\WWW\yq\thinkphp\lang\zh-cn.php
[ info ] [ ROUTE ] array (
)
[ info ] [ HEADER ] array (
  'cookie' => 'PHPSESSID=i04s47ugm46onuqi5g55efqtl6',
  'connection' => 'close',
  'referer' => 'http://www.yq.io/admin/certificate/certificate.html',
  'accept-encoding' => 'gzip, deflate',
  'accept-language' => 'zh-CN,zh;q=0.8,zh-TW;q=0.7,zh-HK;q=0.5,en-US;q=0.3,en;q=0.2',
  'accept' => '*/*',
  'user-agent' => 'Mozilla/5.0 (Windows NT 6.1; Win64; x64; rv:63.0) Gecko/20100101 Firefox/63.0',
  'host' => 'www.yq.io',
)
[ info ] [ PARAM ] array (
  '/favicon_ico' => '',
  '_' => '183411845',
)
[ info ] [ LOG ] INIT File
---------------------------------------------------------------
[ 2019-05-01T17:37:42+08:00 ] 127.0.0.1 HEAD /favicon.ico?_=744734618
[ info ] www.yq.io/favicon.ico?_=744734618 [运行时间：0.019001s][吞吐率：52.63req/s] [内存消耗：377.20kb] [文件加载：55]
[ info ] [ LANG ] D:\phpStudy\WWW\yq\thinkphp\lang\zh-cn.php
[ info ] [ ROUTE ] array (
)
[ info ] [ HEADER ] array (
  'cookie' => 'PHPSESSID=i04s47ugm46onuqi5g55efqtl6',
  'connection' => 'close',
  'referer' => 'http://www.yq.io/admin/certificate/certificate.html',
  'accept-encoding' => 'gzip, deflate',
  'accept-language' => 'zh-CN,zh;q=0.8,zh-TW;q=0.7,zh-HK;q=0.5,en-US;q=0.3,en;q=0.2',
  'accept' => '*/*',
  'user-agent' => 'Mozilla/5.0 (Windows NT 6.1; Win64; x64; rv:63.0) Gecko/20100101 Firefox/63.0',
  'host' => 'www.yq.io',
)
[ info ] [ PARAM ] array (
  '/favicon_ico' => '',
  '_' => '744734618',
)
[ info ] [ LOG ] INIT File
---------------------------------------------------------------
[ 2019-05-01T23:17:26+08:00 ] 127.0.0.1 HEAD /favicon.ico?_=974617621
[ info ] www.yq.io/favicon.ico?_=974617621 [运行时间：0.079004s][吞吐率：12.66req/s] [内存消耗：377.20kb] [文件加载：55]
[ info ] [ LANG ] D:\phpStudy\WWW\yq\thinkphp\lang\zh-cn.php
[ info ] [ ROUTE ] array (
)
[ info ] [ HEADER ] array (
  'cookie' => 'PHPSESSID=i04s47ugm46onuqi5g55efqtl6',
  'connection' => 'close',
  'referer' => 'http://www.yq.io/admin/certificate/certificate.html',
  'accept-encoding' => 'gzip, deflate',
  'accept-language' => 'zh-CN,zh;q=0.8,zh-TW;q=0.7,zh-HK;q=0.5,en-US;q=0.3,en;q=0.2',
  'accept' => '*/*',
  'user-agent' => 'Mozilla/5.0 (Windows NT 6.1; Win64; x64; rv:63.0) Gecko/20100101 Firefox/63.0',
  'host' => 'www.yq.io',
)
[ info ] [ PARAM ] array (
  '/favicon_ico' => '',
  '_' => '974617621',
)
[ info ] [ LOG ] INIT File
---------------------------------------------------------------
[ 2019-05-01T23:22:13+08:00 ] 127.0.0.1 GET /
[ info ] www.yq.io/ [运行时间：0.330019s][吞吐率：3.03req/s] [内存消耗：1,827.71kb] [文件加载：83]
[ info ] [ LANG ] D:\phpStudy\WWW\yq\thinkphp\lang\zh-cn.php
[ info ] [ ROUTE ] array (
)
[ info ] [ HEADER ] array (
  'upgrade-insecure-requests' => '1',
  'cookie' => 'PHPSESSID=i04s47ugm46onuqi5g55efqtl6',
  'connection' => 'close',
  'referer' => 'http://www.yq.io/index/index/certificate.html?page=1',
  'accept-encoding' => 'gzip, deflate',
  'accept-language' => 'zh-CN,zh;q=0.8,zh-TW;q=0.7,zh-HK;q=0.5,en-US;q=0.3,en;q=0.2',
  'accept' => 'text/html,application/xhtml+xml,application/xml;q=0.9,*/*;q=0.8',
  'user-agent' => 'Mozilla/5.0 (Windows NT 6.1; Win64; x64; rv:63.0) Gecko/20100101 Firefox/63.0',
  'host' => 'www.yq.io',
)
[ info ] [ PARAM ] array (
)
[ info ] [ CACHE ] INIT File
[ info ] [ DB ] INIT mysql
[ info ] [ VIEW ] D:\phpStudy\WWW\yq\application\index\view\index\index.html [ array (
  0 => 'cf',
  1 => 'ban',
  2 => 'jianjie',
  3 => 'inter',
  4 => 'give',
  5 => 'bs',
) ]
[ info ] [ LOG ] INIT File
[ sql ] [ DB ] CONNECT:[ UseTime:0.076005s ] mysql:host=127.0.0.1;port=3306;dbname=yq;charset=utf8
[ sql ] [ SQL ] SHOW COLUMNS FROM `banner` [ RunTime:0.084005s ]
[ sql ] [ SQL ] SELECT * FROM `banner` ORDER BY `sort` [ RunTime:0.014000s ]
[ sql ] [ SQL ] SHOW COLUMNS FROM `jianjie` [ RunTime:0.011000s ]
[ sql ] [ SQL ] SELECT * FROM `jianjie` ORDER BY `sort` [ RunTime:0.001000s ]
[ sql ] [ SQL ] SHOW COLUMNS FROM `inter` [ RunTime:0.012001s ]
[ sql ] [ SQL ] SELECT * FROM `inter` [ RunTime:0.004000s ]
[ sql ] [ SQL ] SHOW COLUMNS FROM `give` [ RunTime:0.020001s ]
[ sql ] [ SQL ] SELECT `id`,`title` FROM `give` [ RunTime:0.002000s ]
---------------------------------------------------------------
[ 2019-05-01T23:22:14+08:00 ] 127.0.0.1 GET /favicon.ico
[ info ] www.yq.io/favicon.ico [运行时间：0.020001s][吞吐率：50.00req/s] [内存消耗：377.51kb] [文件加载：55]
[ info ] [ LANG ] D:\phpStudy\WWW\yq\thinkphp\lang\zh-cn.php
[ info ] [ ROUTE ] array (
)
[ info ] [ HEADER ] array (
  'cookie' => 'PHPSESSID=i04s47ugm46onuqi5g55efqtl6',
  'connection' => 'close',
  'accept-encoding' => 'gzip, deflate',
  'accept-language' => 'zh-CN,zh;q=0.8,zh-TW;q=0.7,zh-HK;q=0.5,en-US;q=0.3,en;q=0.2',
  'accept' => 'text/html,application/xhtml+xml,application/xml;q=0.9,*/*;q=0.8',
  'user-agent' => 'Mozilla/5.0 (Windows NT 6.1; Win64; x64; rv:63.0) Gecko/20100101 Firefox/63.0',
  'host' => 'www.yq.io',
)
[ info ] [ PARAM ] array (
  '/favicon_ico' => '',
)
[ info ] [ LOG ] INIT File
---------------------------------------------------------------
[ 2019-05-01T23:22:16+08:00 ] 127.0.0.1 GET /index/index/certificate.html
[ info ] www.yq.io/index/index/certificate.html [运行时间：0.107006s][吞吐率：9.35req/s] [内存消耗：1,749.98kb] [文件加载：84]
[ info ] [ LANG ] D:\phpStudy\WWW\yq\thinkphp\lang\zh-cn.php
[ info ] [ ROUTE ] array (
)
[ info ] [ HEADER ] array (
  'upgrade-insecure-requests' => '1',
  'cookie' => 'PHPSESSID=i04s47ugm46onuqi5g55efqtl6',
  'connection' => 'close',
  'referer' => 'http://www.yq.io/',
  'accept-encoding' => 'gzip, deflate',
  'accept-language' => 'zh-CN,zh;q=0.8,zh-TW;q=0.7,zh-HK;q=0.5,en-US;q=0.3,en;q=0.2',
  'accept' => 'text/html,application/xhtml+xml,application/xml;q=0.9,*/*;q=0.8',
  'user-agent' => 'Mozilla/5.0 (Windows NT 6.1; Win64; x64; rv:63.0) Gecko/20100101 Firefox/63.0',
  'host' => 'www.yq.io',
)
[ info ] [ PARAM ] array (
  '/index/index/certificate_html' => '',
)
[ info ] [ CACHE ] INIT File
[ info ] [ DB ] INIT mysql
[ info ] [ VIEW ] D:\phpStudy\WWW\yq\application\index\view\index\certificate.html [ array (
  0 => 'cf',
  1 => 'ban',
  2 => 'bs',
  3 => 'list',
) ]
[ info ] [ LOG ] INIT File
[ sql ] [ DB ] CONNECT:[ UseTime:0.013001s ] mysql:host=127.0.0.1;port=3306;dbname=yq;charset=utf8
[ sql ] [ SQL ] SHOW COLUMNS FROM `banner` [ RunTime:0.009000s ]
[ sql ] [ SQL ] SELECT * FROM `banner` ORDER BY `sort` [ RunTime:0.001000s ]
[ sql ] [ SQL ] SHOW COLUMNS FROM `certificate` [ RunTime:0.017001s ]
[ sql ] [ SQL ] SELECT COUNT(*) AS tp_count FROM `certificate` LIMIT 1 [ RunTime:0.003000s ]
[ sql ] [ SQL ] SELECT * FROM `certificate` LIMIT 0,5 [ RunTime:0.001000s ]
---------------------------------------------------------------
[ 2019-05-01T23:22:17+08:00 ] 127.0.0.1 GET /favicon.ico
[ info ] www.yq.io/favicon.ico [运行时间：0.045002s][吞吐率：22.22req/s] [内存消耗：377.51kb] [文件加载：55]
[ info ] [ LANG ] D:\phpStudy\WWW\yq\thinkphp\lang\zh-cn.php
[ info ] [ ROUTE ] array (
)
[ info ] [ HEADER ] array (
  'cookie' => 'PHPSESSID=i04s47ugm46onuqi5g55efqtl6',
  'connection' => 'close',
  'accept-encoding' => 'gzip, deflate',
  'accept-language' => 'zh-CN,zh;q=0.8,zh-TW;q=0.7,zh-HK;q=0.5,en-US;q=0.3,en;q=0.2',
  'accept' => 'text/html,application/xhtml+xml,application/xml;q=0.9,*/*;q=0.8',
  'user-agent' => 'Mozilla/5.0 (Windows NT 6.1; Win64; x64; rv:63.0) Gecko/20100101 Firefox/63.0',
  'host' => 'www.yq.io',
)
[ info ] [ PARAM ] array (
  '/favicon_ico' => '',
)
[ info ] [ LOG ] INIT File
