---------------------------------------------------------------
[ 2019-05-03T02:03:10+08:00 ] 127.0.0.1 HEAD /favicon.ico?_=32938768
[ info ] www.yq.io/favicon.ico?_=32938768 [运行时间：0.023001s][吞吐率：43.48req/s] [内存消耗：377.19kb] [文件加载：55]
[ info ] [ LANG ] D:\phpStudy\WWW\yq\thinkphp\lang\zh-cn.php
[ info ] [ ROUTE ] array (
)
[ info ] [ HEADER ] array (
  'cookie' => 'PHPSESSID=i04s47ugm46onuqi5g55efqtl6',
  'connection' => 'close',
  'referer' => 'http://www.yq.io/admin/certificate/certificate.html',
  'accept-encoding' => 'gzip, deflate',
  'accept-language' => 'zh-CN,zh;q=0.8,zh-TW;q=0.7,zh-HK;q=0.5,en-US;q=0.3,en;q=0.2',
  'accept' => '*/*',
  'user-agent' => 'Mozilla/5.0 (Windows NT 6.1; Win64; x64; rv:63.0) Gecko/20100101 Firefox/63.0',
  'host' => 'www.yq.io',
)
[ info ] [ PARAM ] array (
  '/favicon_ico' => '',
  '_' => '32938768',
)
[ info ] [ LOG ] INIT File
---------------------------------------------------------------
[ 2019-05-03T10:50:01+08:00 ] 127.0.0.1 HEAD /favicon.ico?_=762316076
[ info ] www.yq.io/favicon.ico?_=762316076 [运行时间：0.070004s][吞吐率：14.28req/s] [内存消耗：377.20kb] [文件加载：55]
[ info ] [ LANG ] D:\phpStudy\WWW\yq\thinkphp\lang\zh-cn.php
[ info ] [ ROUTE ] array (
)
[ info ] [ HEADER ] array (
  'cookie' => 'PHPSESSID=i04s47ugm46onuqi5g55efqtl6',
  'connection' => 'close',
  'referer' => 'http://www.yq.io/admin/certificate/certificate.html',
  'accept-encoding' => 'gzip, deflate',
  'accept-language' => 'zh-CN,zh;q=0.8,zh-TW;q=0.7,zh-HK;q=0.5,en-US;q=0.3,en;q=0.2',
  'accept' => '*/*',
  'user-agent' => 'Mozilla/5.0 (Windows NT 6.1; Win64; x64; rv:63.0) Gecko/20100101 Firefox/63.0',
  'host' => 'www.yq.io',
)
[ info ] [ PARAM ] array (
  '/favicon_ico' => '',
  '_' => '762316076',
)
[ info ] [ LOG ] INIT File
---------------------------------------------------------------
[ 2019-05-03T11:27:24+08:00 ] 127.0.0.1 HEAD /favicon.ico?_=899028276
[ info ] www.yq.io/favicon.ico?_=899028276 [运行时间：0.015600s][吞吐率：64.10req/s] [内存消耗：377.20kb] [文件加载：55]
[ info ] [ LANG ] D:\phpStudy\WWW\yq\thinkphp\lang\zh-cn.php
[ info ] [ ROUTE ] array (
)
[ info ] [ HEADER ] array (
  'cookie' => 'PHPSESSID=i04s47ugm46onuqi5g55efqtl6',
  'connection' => 'close',
  'referer' => 'http://www.yq.io/admin/certificate/certificate.html',
  'accept-encoding' => 'gzip, deflate',
  'accept-language' => 'zh-CN,zh;q=0.8,zh-TW;q=0.7,zh-HK;q=0.5,en-US;q=0.3,en;q=0.2',
  'accept' => '*/*',
  'user-agent' => 'Mozilla/5.0 (Windows NT 6.1; Win64; x64; rv:63.0) Gecko/20100101 Firefox/63.0',
  'host' => 'www.yq.io',
)
[ info ] [ PARAM ] array (
  '/favicon_ico' => '',
  '_' => '899028276',
)
[ info ] [ LOG ] INIT File
---------------------------------------------------------------
[ 2019-05-03T11:56:25+08:00 ] 127.0.0.1 HEAD /favicon.ico?_=366599606
[ info ] www.yq.io/favicon.ico?_=366599606 [运行时间：0.015600s][吞吐率：64.10req/s] [内存消耗：377.20kb] [文件加载：55]
[ info ] [ LANG ] D:\phpStudy\WWW\yq\thinkphp\lang\zh-cn.php
[ info ] [ ROUTE ] array (
)
[ info ] [ HEADER ] array (
  'cookie' => 'PHPSESSID=i04s47ugm46onuqi5g55efqtl6',
  'connection' => 'close',
  'referer' => 'http://www.yq.io/admin/certificate/certificate.html',
  'accept-encoding' => 'gzip, deflate',
  'accept-language' => 'zh-CN,zh;q=0.8,zh-TW;q=0.7,zh-HK;q=0.5,en-US;q=0.3,en;q=0.2',
  'accept' => '*/*',
  'user-agent' => 'Mozilla/5.0 (Windows NT 6.1; Win64; x64; rv:63.0) Gecko/20100101 Firefox/63.0',
  'host' => 'www.yq.io',
)
[ info ] [ PARAM ] array (
  '/favicon_ico' => '',
  '_' => '366599606',
)
[ info ] [ LOG ] INIT File
---------------------------------------------------------------
[ 2019-05-03T12:30:09+08:00 ] 127.0.0.1 HEAD /favicon.ico?_=693014881
[ info ] www.yq.io/favicon.ico?_=693014881 [运行时间：0.031200s][吞吐率：32.05req/s] [内存消耗：377.20kb] [文件加载：55]
[ info ] [ LANG ] D:\phpStudy\WWW\yq\thinkphp\lang\zh-cn.php
[ info ] [ ROUTE ] array (
)
[ info ] [ HEADER ] array (
  'cookie' => 'PHPSESSID=i04s47ugm46onuqi5g55efqtl6',
  'connection' => 'close',
  'referer' => 'http://www.yq.io/admin/certificate/certificate.html',
  'accept-encoding' => 'gzip, deflate',
  'accept-language' => 'zh-CN,zh;q=0.8,zh-TW;q=0.7,zh-HK;q=0.5,en-US;q=0.3,en;q=0.2',
  'accept' => '*/*',
  'user-agent' => 'Mozilla/5.0 (Windows NT 6.1; Win64; x64; rv:63.0) Gecko/20100101 Firefox/63.0',
  'host' => 'www.yq.io',
)
[ info ] [ PARAM ] array (
  '/favicon_ico' => '',
  '_' => '693014881',
)
[ info ] [ LOG ] INIT File
---------------------------------------------------------------
[ 2019-05-03T12:36:37+08:00 ] 127.0.0.1 HEAD /favicon.ico?_=439112466
[ info ] www.yq.io/favicon.ico?_=439112466 [运行时间：0.015600s][吞吐率：64.10req/s] [内存消耗：377.20kb] [文件加载：55]
[ info ] [ LANG ] D:\phpStudy\WWW\yq\thinkphp\lang\zh-cn.php
[ info ] [ ROUTE ] array (
)
[ info ] [ HEADER ] array (
  'cookie' => 'PHPSESSID=i04s47ugm46onuqi5g55efqtl6',
  'connection' => 'close',
  'referer' => 'http://www.yq.io/admin/certificate/certificate.html',
  'accept-encoding' => 'gzip, deflate',
  'accept-language' => 'zh-CN,zh;q=0.8,zh-TW;q=0.7,zh-HK;q=0.5,en-US;q=0.3,en;q=0.2',
  'accept' => '*/*',
  'user-agent' => 'Mozilla/5.0 (Windows NT 6.1; Win64; x64; rv:63.0) Gecko/20100101 Firefox/63.0',
  'host' => 'www.yq.io',
)
[ info ] [ PARAM ] array (
  '/favicon_ico' => '',
  '_' => '439112466',
)
[ info ] [ LOG ] INIT File
---------------------------------------------------------------
[ 2019-05-03T14:42:09+08:00 ] 127.0.0.1 HEAD /favicon.ico?_=433969656
[ info ] www.yq.io/favicon.ico?_=433969656 [运行时间：0.015600s][吞吐率：64.10req/s] [内存消耗：377.20kb] [文件加载：55]
[ info ] [ LANG ] D:\phpStudy\WWW\yq\thinkphp\lang\zh-cn.php
[ info ] [ ROUTE ] array (
)
[ info ] [ HEADER ] array (
  'cookie' => 'PHPSESSID=i04s47ugm46onuqi5g55efqtl6',
  'connection' => 'close',
  'referer' => 'http://www.yq.io/admin/certificate/certificate.html',
  'accept-encoding' => 'gzip, deflate',
  'accept-language' => 'zh-CN,zh;q=0.8,zh-TW;q=0.7,zh-HK;q=0.5,en-US;q=0.3,en;q=0.2',
  'accept' => '*/*',
  'user-agent' => 'Mozilla/5.0 (Windows NT 6.1; Win64; x64; rv:63.0) Gecko/20100101 Firefox/63.0',
  'host' => 'www.yq.io',
)
[ info ] [ PARAM ] array (
  '/favicon_ico' => '',
  '_' => '433969656',
)
[ info ] [ LOG ] INIT File
---------------------------------------------------------------
[ 2019-05-03T19:00:12+08:00 ] 127.0.0.1 HEAD /favicon.ico?_=632463379
[ info ] www.yq.io/favicon.ico?_=632463379 [运行时间：0.031200s][吞吐率：32.05req/s] [内存消耗：377.20kb] [文件加载：55]
[ info ] [ LANG ] D:\phpStudy\WWW\yq\thinkphp\lang\zh-cn.php
[ info ] [ ROUTE ] array (
)
[ info ] [ HEADER ] array (
  'cookie' => 'PHPSESSID=i04s47ugm46onuqi5g55efqtl6',
  'connection' => 'close',
  'referer' => 'http://www.yq.io/admin/certificate/certificate.html',
  'accept-encoding' => 'gzip, deflate',
  'accept-language' => 'zh-CN,zh;q=0.8,zh-TW;q=0.7,zh-HK;q=0.5,en-US;q=0.3,en;q=0.2',
  'accept' => '*/*',
  'user-agent' => 'Mozilla/5.0 (Windows NT 6.1; Win64; x64; rv:63.0) Gecko/20100101 Firefox/63.0',
  'host' => 'www.yq.io',
)
[ info ] [ PARAM ] array (
  '/favicon_ico' => '',
  '_' => '632463379',
)
[ info ] [ LOG ] INIT File
---------------------------------------------------------------
[2019-05-03T16:09:49+00:00] 192.168.10.1 GET yq.io/
[运行时间：0.121522s] [吞吐率：8.23req/s] [内存消耗：162.55kb] [文件加载：34]
[ error ] [64]think\__require_file(): Failed opening required '/home/code/yq/vendor/composer/../paragonie/random_compat/lib/random.php' (include_path='.:/usr/share/php')[/home/code/yq/thinkphp/library/think/Loader.php:416]
---------------------------------------------------------------
[2019-05-03T16:09:50+00:00] 192.168.10.1 GET yq.io/
[运行时间：0.037939s] [吞吐率：26.36req/s] [内存消耗：95.99kb] [文件加载：34]
[ error ] [64]think\__require_file(): Failed opening required '/home/code/yq/vendor/composer/../paragonie/random_compat/lib/random.php' (include_path='.:/usr/share/php')[/home/code/yq/thinkphp/library/think/Loader.php:416]
---------------------------------------------------------------
[2019-05-03T16:09:51+00:00] 192.168.10.1 GET yq.io/
[运行时间：0.025733s] [吞吐率：38.86req/s] [内存消耗：95.99kb] [文件加载：34]
[ error ] [64]think\__require_file(): Failed opening required '/home/code/yq/vendor/composer/../paragonie/random_compat/lib/random.php' (include_path='.:/usr/share/php')[/home/code/yq/thinkphp/library/think/Loader.php:416]
---------------------------------------------------------------
[2019-05-03T16:09:51+00:00] 192.168.10.1 GET yq.io/
[运行时间：0.027695s] [吞吐率：36.11req/s] [内存消耗：95.99kb] [文件加载：34]
[ error ] [64]think\__require_file(): Failed opening required '/home/code/yq/vendor/composer/../paragonie/random_compat/lib/random.php' (include_path='.:/usr/share/php')[/home/code/yq/thinkphp/library/think/Loader.php:416]
---------------------------------------------------------------
[2019-05-03T16:09:51+00:00] 192.168.10.1 GET yq.io/
[运行时间：0.030802s] [吞吐率：32.47req/s] [内存消耗：95.99kb] [文件加载：34]
[ error ] [64]think\__require_file(): Failed opening required '/home/code/yq/vendor/composer/../paragonie/random_compat/lib/random.php' (include_path='.:/usr/share/php')[/home/code/yq/thinkphp/library/think/Loader.php:416]
---------------------------------------------------------------
[2019-05-03T16:09:51+00:00] 192.168.10.1 GET yq.io/
[运行时间：0.027149s] [吞吐率：36.83req/s] [内存消耗：95.99kb] [文件加载：34]
[ error ] [64]think\__require_file(): Failed opening required '/home/code/yq/vendor/composer/../paragonie/random_compat/lib/random.php' (include_path='.:/usr/share/php')[/home/code/yq/thinkphp/library/think/Loader.php:416]
---------------------------------------------------------------
[2019-05-03T16:09:51+00:00] 192.168.10.1 GET yq.io/
[运行时间：0.026053s] [吞吐率：38.38req/s] [内存消耗：95.99kb] [文件加载：34]
[ error ] [64]think\__require_file(): Failed opening required '/home/code/yq/vendor/composer/../paragonie/random_compat/lib/random.php' (include_path='.:/usr/share/php')[/home/code/yq/thinkphp/library/think/Loader.php:416]
---------------------------------------------------------------
[2019-05-03T16:09:51+00:00] 192.168.10.1 GET yq.io/
[运行时间：0.027867s] [吞吐率：35.88req/s] [内存消耗：95.99kb] [文件加载：34]
[ error ] [64]think\__require_file(): Failed opening required '/home/code/yq/vendor/composer/../paragonie/random_compat/lib/random.php' (include_path='.:/usr/share/php')[/home/code/yq/thinkphp/library/think/Loader.php:416]
---------------------------------------------------------------
[2019-05-03T16:09:52+00:00] 192.168.10.1 GET yq.io/
[运行时间：0.026654s] [吞吐率：37.52req/s] [内存消耗：95.99kb] [文件加载：34]
[ error ] [64]think\__require_file(): Failed opening required '/home/code/yq/vendor/composer/../paragonie/random_compat/lib/random.php' (include_path='.:/usr/share/php')[/home/code/yq/thinkphp/library/think/Loader.php:416]
---------------------------------------------------------------
[2019-05-03T16:09:52+00:00] 192.168.10.1 GET yq.io/
[运行时间：0.030277s] [吞吐率：33.03req/s] [内存消耗：95.99kb] [文件加载：34]
[ error ] [64]think\__require_file(): Failed opening required '/home/code/yq/vendor/composer/../paragonie/random_compat/lib/random.php' (include_path='.:/usr/share/php')[/home/code/yq/thinkphp/library/think/Loader.php:416]
---------------------------------------------------------------
[2019-05-03T16:09:52+00:00] 192.168.10.1 GET yq.io/
[运行时间：0.025282s] [吞吐率：39.55req/s] [内存消耗：95.99kb] [文件加载：34]
[ error ] [64]think\__require_file(): Failed opening required '/home/code/yq/vendor/composer/../paragonie/random_compat/lib/random.php' (include_path='.:/usr/share/php')[/home/code/yq/thinkphp/library/think/Loader.php:416]
---------------------------------------------------------------
[2019-05-03T16:09:53+00:00] 192.168.10.1 GET yq.io/
[运行时间：0.028688s] [吞吐率：34.86req/s] [内存消耗：95.99kb] [文件加载：34]
[ error ] [64]think\__require_file(): Failed opening required '/home/code/yq/vendor/composer/../paragonie/random_compat/lib/random.php' (include_path='.:/usr/share/php')[/home/code/yq/thinkphp/library/think/Loader.php:416]
---------------------------------------------------------------
[2019-05-03T16:11:26+00:00] 192.168.10.1 GET yq.io/
[运行时间：0.028215s] [吞吐率：35.44req/s] [内存消耗：95.99kb] [文件加载：34]
[ error ] [64]think\__require_file(): Failed opening required '/home/code/yq/vendor/composer/../paragonie/random_compat/lib/random.php' (include_path='.:/usr/share/php')[/home/code/yq/thinkphp/library/think/Loader.php:416]
---------------------------------------------------------------
[2019-05-03T16:11:26+00:00] 192.168.10.1 GET yq.io/
[运行时间：0.033908s] [吞吐率：29.49req/s] [内存消耗：95.99kb] [文件加载：34]
[ error ] [64]think\__require_file(): Failed opening required '/home/code/yq/vendor/composer/../paragonie/random_compat/lib/random.php' (include_path='.:/usr/share/php')[/home/code/yq/thinkphp/library/think/Loader.php:416]
---------------------------------------------------------------
[2019-05-03T16:11:27+00:00] 192.168.10.1 GET yq.io/
[运行时间：0.027807s] [吞吐率：35.96req/s] [内存消耗：95.99kb] [文件加载：34]
[ error ] [64]think\__require_file(): Failed opening required '/home/code/yq/vendor/composer/../paragonie/random_compat/lib/random.php' (include_path='.:/usr/share/php')[/home/code/yq/thinkphp/library/think/Loader.php:416]
---------------------------------------------------------------
[2019-05-03T16:11:27+00:00] 192.168.10.1 GET yq.io/
[运行时间：0.035526s] [吞吐率：28.15req/s] [内存消耗：95.99kb] [文件加载：34]
[ error ] [64]think\__require_file(): Failed opening required '/home/code/yq/vendor/composer/../paragonie/random_compat/lib/random.php' (include_path='.:/usr/share/php')[/home/code/yq/thinkphp/library/think/Loader.php:416]
---------------------------------------------------------------
[2019-05-03T16:11:27+00:00] 192.168.10.1 GET yq.io/
[运行时间：0.042644s] [吞吐率：23.45req/s] [内存消耗：95.99kb] [文件加载：34]
[ error ] [64]think\__require_file(): Failed opening required '/home/code/yq/vendor/composer/../paragonie/random_compat/lib/random.php' (include_path='.:/usr/share/php')[/home/code/yq/thinkphp/library/think/Loader.php:416]
---------------------------------------------------------------
[2019-05-03T16:17:47+00:00] 192.168.10.1 GET yq.io/
[运行时间：0.040581s] [吞吐率：24.64req/s] [内存消耗：95.99kb] [文件加载：34]
[ error ] [64]think\__require_file(): Failed opening required '/home/code/yq/vendor/composer/../paragonie/random_compat/lib/random.php' (include_path='.:/usr/share/php')[/home/code/yq/thinkphp/library/think/Loader.php:416]
---------------------------------------------------------------
[2019-05-03T16:17:47+00:00] 192.168.10.1 GET yq.io/
[运行时间：0.047474s] [吞吐率：21.06req/s] [内存消耗：95.99kb] [文件加载：34]
[ error ] [64]think\__require_file(): Failed opening required '/home/code/yq/vendor/composer/../paragonie/random_compat/lib/random.php' (include_path='.:/usr/share/php')[/home/code/yq/thinkphp/library/think/Loader.php:416]
---------------------------------------------------------------
[2019-05-03T16:17:48+00:00] 192.168.10.1 GET yq.io/
[运行时间：0.026084s] [吞吐率：38.34req/s] [内存消耗：95.99kb] [文件加载：34]
[ error ] [64]think\__require_file(): Failed opening required '/home/code/yq/vendor/composer/../paragonie/random_compat/lib/random.php' (include_path='.:/usr/share/php')[/home/code/yq/thinkphp/library/think/Loader.php:416]
---------------------------------------------------------------
[2019-05-03T16:17:48+00:00] 192.168.10.1 GET yq.io/
[运行时间：0.027248s] [吞吐率：36.70req/s] [内存消耗：95.99kb] [文件加载：34]
[ error ] [64]think\__require_file(): Failed opening required '/home/code/yq/vendor/composer/../paragonie/random_compat/lib/random.php' (include_path='.:/usr/share/php')[/home/code/yq/thinkphp/library/think/Loader.php:416]
---------------------------------------------------------------
[2019-05-03T16:17:48+00:00] 192.168.10.1 GET yq.io/
[运行时间：0.025291s] [吞吐率：39.54req/s] [内存消耗：95.99kb] [文件加载：34]
[ error ] [64]think\__require_file(): Failed opening required '/home/code/yq/vendor/composer/../paragonie/random_compat/lib/random.php' (include_path='.:/usr/share/php')[/home/code/yq/thinkphp/library/think/Loader.php:416]
---------------------------------------------------------------
[2019-05-03T16:18:37+00:00] 192.168.10.1 GET yq.io/
[运行时间：0.027565s] [吞吐率：36.28req/s] [内存消耗：95.99kb] [文件加载：34]
[ error ] [64]think\__require_file(): Failed opening required '/home/code/yq/vendor/composer/../paragonie/random_compat/lib/random.php' (include_path='.:/usr/share/php')[/home/code/yq/thinkphp/library/think/Loader.php:416]
---------------------------------------------------------------
[2019-05-03T16:18:37+00:00] 192.168.10.1 GET yq.io/
[运行时间：0.034304s] [吞吐率：29.15req/s] [内存消耗：95.99kb] [文件加载：34]
[ error ] [64]think\__require_file(): Failed opening required '/home/code/yq/vendor/composer/../paragonie/random_compat/lib/random.php' (include_path='.:/usr/share/php')[/home/code/yq/thinkphp/library/think/Loader.php:416]
---------------------------------------------------------------
[2019-05-03T16:18:37+00:00] 192.168.10.1 GET yq.io/
[运行时间：0.026764s] [吞吐率：37.36req/s] [内存消耗：95.99kb] [文件加载：34]
[ error ] [64]think\__require_file(): Failed opening required '/home/code/yq/vendor/composer/../paragonie/random_compat/lib/random.php' (include_path='.:/usr/share/php')[/home/code/yq/thinkphp/library/think/Loader.php:416]
---------------------------------------------------------------
[2019-05-03T16:18:38+00:00] 192.168.10.1 GET yq.io/
[运行时间：0.031780s] [吞吐率：31.47req/s] [内存消耗：95.99kb] [文件加载：34]
[ error ] [64]think\__require_file(): Failed opening required '/home/code/yq/vendor/composer/../paragonie/random_compat/lib/random.php' (include_path='.:/usr/share/php')[/home/code/yq/thinkphp/library/think/Loader.php:416]
---------------------------------------------------------------
[2019-05-03T16:18:38+00:00] 192.168.10.1 GET yq.io/
[运行时间：0.023781s] [吞吐率：42.05req/s] [内存消耗：95.99kb] [文件加载：34]
[ error ] [64]think\__require_file(): Failed opening required '/home/code/yq/vendor/composer/../paragonie/random_compat/lib/random.php' (include_path='.:/usr/share/php')[/home/code/yq/thinkphp/library/think/Loader.php:416]
---------------------------------------------------------------
[2019-05-03T16:18:38+00:00] 192.168.10.1 GET yq.io/
[运行时间：0.028125s] [吞吐率：35.56req/s] [内存消耗：95.99kb] [文件加载：34]
[ error ] [64]think\__require_file(): Failed opening required '/home/code/yq/vendor/composer/../paragonie/random_compat/lib/random.php' (include_path='.:/usr/share/php')[/home/code/yq/thinkphp/library/think/Loader.php:416]
